2021-04-21 13:56:23,618	ljs-base_0g125_run_9	INFO	{'train': {'use_cuda': True, 'log_interval': 20, 'seed': 1234, 'epochs': 100, 'learning_rate': 1.0, 'betas': [0.9, 0.98], 'eps': 1e-09, 'warmup_steps': 4000, 'scheduler': 'noam', 'batch_size': 32, 'ddi': True, 'fp16_run': True}, 'data': {'load_mel_from_disk': False, 'training_files': 'filelists/ljs-base_0g125/run_9/train.txt', 'validation_files': 'filelists/ljs-base_0g125/run_9/val.txt', 'text_cleaners': ['english_cleaners'], 'max_wav_value': 32768.0, 'sampling_rate': 22050, 'filter_length': 1024, 'hop_length': 256, 'win_length': 1024, 'n_mel_channels': 80, 'mel_fmin': 0.0, 'mel_fmax': 8000.0, 'add_noise': True, 'cmudict_path': 'data/cmu_dictionary'}, 'model': {'hidden_channels': 192, 'filter_channels': 768, 'filter_channels_dp': 256, 'kernel_size': 3, 'p_dropout': 0.1, 'n_blocks_dec': 12, 'n_layers_enc': 6, 'n_heads': 2, 'p_dropout_dec': 0.05, 'dilation_rate': 1, 'kernel_size_dec': 5, 'n_block_layers': 4, 'n_sqz': 2, 'prenet': True, 'mean_only': True, 'hidden_channels_enc': 192, 'hidden_channels_dec': 192, 'window_size': 4}, 'model_dir': './logs/ljs-base_0g125_run_9'}
2021-04-21 13:56:28,310	ljs-base_0g125_run_9	INFO	Saving model and optimizer state at iteration 0 to ./logs/ljs-base_0g125_run_9/ddi_G.pth
2021-04-21 13:56:33,727	ljs-base_0g125_run_9	INFO	{'train': {'use_cuda': True, 'log_interval': 20, 'seed': 1234, 'epochs': 100, 'learning_rate': 1.0, 'betas': [0.9, 0.98], 'eps': 1e-09, 'warmup_steps': 4000, 'scheduler': 'noam', 'batch_size': 32, 'ddi': True, 'fp16_run': True}, 'data': {'load_mel_from_disk': False, 'training_files': 'filelists/ljs-base_0g125/run_9/train.txt', 'validation_files': 'filelists/ljs-base_0g125/run_9/val.txt', 'text_cleaners': ['english_cleaners'], 'max_wav_value': 32768.0, 'sampling_rate': 22050, 'filter_length': 1024, 'hop_length': 256, 'win_length': 1024, 'n_mel_channels': 80, 'mel_fmin': 0.0, 'mel_fmax': 8000.0, 'add_noise': True, 'cmudict_path': 'data/cmu_dictionary'}, 'model': {'hidden_channels': 192, 'filter_channels': 768, 'filter_channels_dp': 256, 'kernel_size': 3, 'p_dropout': 0.1, 'n_blocks_dec': 12, 'n_layers_enc': 6, 'n_heads': 2, 'p_dropout_dec': 0.05, 'dilation_rate': 1, 'kernel_size_dec': 5, 'n_block_layers': 4, 'n_sqz': 2, 'prenet': True, 'mean_only': True, 'hidden_channels_enc': 192, 'hidden_channels_dec': 192, 'window_size': 4}, 'model_dir': './logs/ljs-base_0g125_run_9'}
2021-04-21 13:56:36,982	ljs-base_0g125_run_9	INFO	Loaded checkpoint './logs/ljs-base_0g125_run_9/ddi_G.pth' (iteration 0)
2021-04-21 13:56:55,762	ljs-base_0g125_run_9	INFO	Train Epoch: 1 [0/1562 (0%)]	Loss: 3.177336
2021-04-21 13:56:55,763	ljs-base_0g125_run_9	INFO	[1.2463696002960205, 1.9309660196304321, 0, 5.70544330734548e-07]
2021-04-21 13:57:16,345	ljs-base_0g125_run_9	INFO	Train Epoch: 1 [640/1562 (42%)]	Loss: 2.566857
2021-04-21 13:57:16,346	ljs-base_0g125_run_9	INFO	[1.1878175735473633, 1.3790398836135864, 20, 6.2759876380800285e-06]
2021-04-21 13:57:36,410	ljs-base_0g125_run_9	INFO	Train Epoch: 1 [1280/1562 (83%)]	Loss: 2.257445
2021-04-21 13:57:36,410	ljs-base_0g125_run_9	INFO	[1.141063928604126, 1.116381287574768, 40, 1.1981430945425508e-05]
2021-04-21 13:57:44,259	ljs-base_0g125_run_9	INFO	====> Epoch: 1
2021-04-21 13:58:02,510	ljs-base_0g125_run_9	INFO	====> Epoch: 1
2021-04-21 13:58:02,511	ljs-base_0g125_run_9	INFO	Saving model and optimizer state at iteration 1 to ./logs/ljs-base_0g125_run_9/G_1.pth
2021-04-21 13:58:24,185	ljs-base_0g125_run_9	INFO	Train Epoch: 2 [0/1562 (0%)]	Loss: 2.167215
2021-04-21 13:58:24,186	ljs-base_0g125_run_9	INFO	[1.1222504377365112, 1.0449647903442383, 48, 1.42636082683637e-05]
2021-04-21 13:58:44,478	ljs-base_0g125_run_9	INFO	Train Epoch: 2 [640/1562 (42%)]	Loss: 2.282475
2021-04-21 13:58:44,480	ljs-base_0g125_run_9	INFO	[1.067674160003662, 1.2148003578186035, 68, 1.9969051575709183e-05]
2021-04-21 13:59:04,692	ljs-base_0g125_run_9	INFO	Train Epoch: 2 [1280/1562 (83%)]	Loss: 2.334205
2021-04-21 13:59:04,693	ljs-base_0g125_run_9	INFO	[0.992372453212738, 1.3418326377868652, 88, 2.5674494883054663e-05]
2021-04-21 13:59:12,661	ljs-base_0g125_run_9	INFO	====> Epoch: 2
2021-04-21 13:59:31,475	ljs-base_0g125_run_9	INFO	====> Epoch: 2
2021-04-21 13:59:31,476	ljs-base_0g125_run_9	INFO	Saving model and optimizer state at iteration 2 to ./logs/ljs-base_0g125_run_9/G_2.pth
2021-04-21 13:59:52,728	ljs-base_0g125_run_9	INFO	Train Epoch: 3 [0/1562 (0%)]	Loss: 2.321884
2021-04-21 13:59:52,729	ljs-base_0g125_run_9	INFO	[0.96502286195755, 1.356860876083374, 96, 2.7956672205992852e-05]
2021-04-21 14:00:13,217	ljs-base_0g125_run_9	INFO	Train Epoch: 3 [640/1562 (42%)]	Loss: 2.232167
2021-04-21 14:00:13,218	ljs-base_0g125_run_9	INFO	[0.8957929611206055, 1.3363741636276245, 116, 3.366211551333833e-05]
2021-04-21 14:00:33,418	ljs-base_0g125_run_9	INFO	Train Epoch: 3 [1280/1562 (83%)]	Loss: 2.130193
2021-04-21 14:00:33,419	ljs-base_0g125_run_9	INFO	[0.8351390361785889, 1.2950544357299805, 136, 3.9367558820683816e-05]
2021-04-21 14:00:41,432	ljs-base_0g125_run_9	INFO	====> Epoch: 3
2021-04-21 14:00:59,420	ljs-base_0g125_run_9	INFO	====> Epoch: 3
2021-04-21 14:00:59,421	ljs-base_0g125_run_9	INFO	Saving model and optimizer state at iteration 3 to ./logs/ljs-base_0g125_run_9/G_3.pth
2021-04-21 14:01:20,662	ljs-base_0g125_run_9	INFO	Train Epoch: 4 [0/1562 (0%)]	Loss: 2.132346
2021-04-21 14:01:20,663	ljs-base_0g125_run_9	INFO	[0.8159833550453186, 1.3163626194000244, 144, 4.164973614362201e-05]
2021-04-21 14:01:41,294	ljs-base_0g125_run_9	INFO	Train Epoch: 4 [640/1562 (42%)]	Loss: 2.113299
2021-04-21 14:01:41,296	ljs-base_0g125_run_9	INFO	[0.7728610038757324, 1.3404377698898315, 164, 4.735517945096749e-05]
2021-04-21 14:02:01,408	ljs-base_0g125_run_9	INFO	Train Epoch: 4 [1280/1562 (83%)]	Loss: 2.022007
2021-04-21 14:02:01,409	ljs-base_0g125_run_9	INFO	[0.7176315784454346, 1.304375410079956, 184, 5.306062275831297e-05]
2021-04-21 14:02:09,115	ljs-base_0g125_run_9	INFO	====> Epoch: 4
2021-04-21 14:02:27,339	ljs-base_0g125_run_9	INFO	====> Epoch: 4
2021-04-21 14:02:27,340	ljs-base_0g125_run_9	INFO	Saving model and optimizer state at iteration 4 to ./logs/ljs-base_0g125_run_9/G_4.pth
2021-04-21 14:02:48,820	ljs-base_0g125_run_9	INFO	Train Epoch: 5 [0/1562 (0%)]	Loss: 1.998098
2021-04-21 14:02:48,821	ljs-base_0g125_run_9	INFO	[0.7040508389472961, 1.2940468788146973, 192, 5.5342800081251156e-05]
2021-04-21 14:03:09,255	ljs-base_0g125_run_9	INFO	Train Epoch: 5 [640/1562 (42%)]	Loss: 1.928103
2021-04-21 14:03:09,256	ljs-base_0g125_run_9	INFO	[0.6570923328399658, 1.2710102796554565, 212, 6.104824338859665e-05]
2021-04-21 14:03:29,680	ljs-base_0g125_run_9	INFO	Train Epoch: 5 [1280/1562 (83%)]	Loss: 1.887259
2021-04-21 14:03:29,681	ljs-base_0g125_run_9	INFO	[0.622941255569458, 1.2643181085586548, 232, 6.675368669594212e-05]
2021-04-21 14:03:37,609	ljs-base_0g125_run_9	INFO	====> Epoch: 5
2021-04-21 14:03:56,488	ljs-base_0g125_run_9	INFO	====> Epoch: 5
2021-04-21 14:03:56,489	ljs-base_0g125_run_9	INFO	Saving model and optimizer state at iteration 5 to ./logs/ljs-base_0g125_run_9/G_5.pth
2021-04-21 14:04:17,788	ljs-base_0g125_run_9	INFO	Train Epoch: 6 [0/1562 (0%)]	Loss: 1.873868
2021-04-21 14:04:17,789	ljs-base_0g125_run_9	INFO	[0.6186909079551697, 1.2551769018173218, 240, 6.90358640188803e-05]
2021-04-21 14:04:38,397	ljs-base_0g125_run_9	INFO	Train Epoch: 6 [640/1562 (42%)]	Loss: 1.812937
2021-04-21 14:04:38,398	ljs-base_0g125_run_9	INFO	[0.5655269026756287, 1.2474100589752197, 260, 7.474130732622578e-05]
2021-04-21 14:04:58,637	ljs-base_0g125_run_9	INFO	Train Epoch: 6 [1280/1562 (83%)]	Loss: 1.760702
2021-04-21 14:04:58,638	ljs-base_0g125_run_9	INFO	[0.536614179611206, 1.2240877151489258, 280, 8.044675063357127e-05]
2021-04-21 14:05:06,407	ljs-base_0g125_run_9	INFO	====> Epoch: 6
2021-04-21 14:05:25,416	ljs-base_0g125_run_9	INFO	====> Epoch: 6
2021-04-21 14:05:25,416	ljs-base_0g125_run_9	INFO	Saving model and optimizer state at iteration 6 to ./logs/ljs-base_0g125_run_9/G_6.pth
2021-04-21 14:05:46,977	ljs-base_0g125_run_9	INFO	Train Epoch: 7 [0/1562 (0%)]	Loss: 1.761410
2021-04-21 14:05:46,977	ljs-base_0g125_run_9	INFO	[0.5251343846321106, 1.2362756729125977, 288, 8.272892795650947e-05]
2021-04-21 14:06:07,388	ljs-base_0g125_run_9	INFO	Train Epoch: 7 [640/1562 (42%)]	Loss: 1.746517
2021-04-21 14:06:07,389	ljs-base_0g125_run_9	INFO	[0.498599648475647, 1.2479177713394165, 308, 8.843437126385495e-05]
2021-04-21 14:06:27,814	ljs-base_0g125_run_9	INFO	Train Epoch: 7 [1280/1562 (83%)]	Loss: 1.697317
2021-04-21 14:06:27,815	ljs-base_0g125_run_9	INFO	[0.4816915690898895, 1.2156250476837158, 328, 9.413981457120044e-05]
2021-04-21 14:06:35,708	ljs-base_0g125_run_9	INFO	====> Epoch: 7
2021-04-21 14:06:54,567	ljs-base_0g125_run_9	INFO	====> Epoch: 7
2021-04-21 14:06:54,568	ljs-base_0g125_run_9	INFO	Saving model and optimizer state at iteration 7 to ./logs/ljs-base_0g125_run_9/G_7.pth
2021-04-21 14:07:15,812	ljs-base_0g125_run_9	INFO	Train Epoch: 8 [0/1562 (0%)]	Loss: 1.685820
2021-04-21 14:07:15,813	ljs-base_0g125_run_9	INFO	[0.4689309895038605, 1.2168889045715332, 336, 9.642199189413862e-05]
2021-04-21 14:07:36,368	ljs-base_0g125_run_9	INFO	Train Epoch: 8 [640/1562 (42%)]	Loss: 1.636018
2021-04-21 14:07:36,369	ljs-base_0g125_run_9	INFO	[0.455264151096344, 1.1807539463043213, 356, 0.0001021274352014841]
2021-04-21 14:07:57,150	ljs-base_0g125_run_9	INFO	Train Epoch: 8 [1280/1562 (83%)]	Loss: 1.632048
2021-04-21 14:07:57,151	ljs-base_0g125_run_9	INFO	[0.44267258048057556, 1.189375877380371, 376, 0.00010783287850882957]
2021-04-21 14:08:04,747	ljs-base_0g125_run_9	INFO	====> Epoch: 8
2021-04-21 14:08:23,542	ljs-base_0g125_run_9	INFO	====> Epoch: 8
2021-04-21 14:08:23,543	ljs-base_0g125_run_9	INFO	Saving model and optimizer state at iteration 8 to ./logs/ljs-base_0g125_run_9/G_8.pth
2021-04-21 14:08:44,905	ljs-base_0g125_run_9	INFO	Train Epoch: 9 [0/1562 (0%)]	Loss: 1.614155
2021-04-21 14:08:44,906	ljs-base_0g125_run_9	INFO	[0.4440983533859253, 1.1700563430786133, 384, 0.00011011505583176777]
2021-04-21 14:09:05,316	ljs-base_0g125_run_9	INFO	Train Epoch: 9 [640/1562 (42%)]	Loss: 1.549732
2021-04-21 14:09:05,318	ljs-base_0g125_run_9	INFO	[0.4121943712234497, 1.1375378370285034, 404, 0.00011582049913911326]
2021-04-21 14:09:25,865	ljs-base_0g125_run_9	INFO	Train Epoch: 9 [1280/1562 (83%)]	Loss: 1.542203
2021-04-21 14:09:25,866	ljs-base_0g125_run_9	INFO	[0.3985077738761902, 1.1436954736709595, 424, 0.00012152594244645874]
2021-04-21 14:09:33,658	ljs-base_0g125_run_9	INFO	====> Epoch: 9
2021-04-21 14:09:52,448	ljs-base_0g125_run_9	INFO	====> Epoch: 9
2021-04-21 14:09:52,449	ljs-base_0g125_run_9	INFO	Saving model and optimizer state at iteration 9 to ./logs/ljs-base_0g125_run_9/G_9.pth
2021-04-21 14:10:13,711	ljs-base_0g125_run_9	INFO	Train Epoch: 10 [0/1562 (0%)]	Loss: 1.476698
2021-04-21 14:10:13,711	ljs-base_0g125_run_9	INFO	[0.3920601010322571, 1.0846376419067383, 432, 0.00012380811976939692]
2021-04-21 14:10:34,162	ljs-base_0g125_run_9	INFO	Train Epoch: 10 [640/1562 (42%)]	Loss: 1.475610
2021-04-21 14:10:34,164	ljs-base_0g125_run_9	INFO	[0.38229918479919434, 1.0933111906051636, 452, 0.0001295135630767424]
2021-04-21 14:10:54,529	ljs-base_0g125_run_9	INFO	Train Epoch: 10 [1280/1562 (83%)]	Loss: 1.488494
2021-04-21 14:10:54,530	ljs-base_0g125_run_9	INFO	[0.3805832266807556, 1.1079111099243164, 472, 0.00013521900638408787]
2021-04-21 14:11:02,462	ljs-base_0g125_run_9	INFO	====> Epoch: 10
2021-04-21 14:11:21,455	ljs-base_0g125_run_9	INFO	====> Epoch: 10
2021-04-21 14:11:21,455	ljs-base_0g125_run_9	INFO	Saving model and optimizer state at iteration 10 to ./logs/ljs-base_0g125_run_9/G_10.pth
2021-04-21 14:11:42,870	ljs-base_0g125_run_9	INFO	Train Epoch: 11 [0/1562 (0%)]	Loss: 1.500998
2021-04-21 14:11:42,870	ljs-base_0g125_run_9	INFO	[0.37502503395080566, 1.125973105430603, 480, 0.00013750118370702607]
2021-04-21 14:12:03,225	ljs-base_0g125_run_9	INFO	Train Epoch: 11 [640/1562 (42%)]	Loss: 1.497581
2021-04-21 14:12:03,226	ljs-base_0g125_run_9	INFO	[0.3613017797470093, 1.1362797021865845, 500, 0.00014320662701437155]
2021-04-21 14:12:23,572	ljs-base_0g125_run_9	INFO	Train Epoch: 11 [1280/1562 (83%)]	Loss: 1.511795
2021-04-21 14:12:23,573	ljs-base_0g125_run_9	INFO	[0.3508651852607727, 1.1609296798706055, 520, 0.00014891207032171705]
2021-04-21 14:12:31,685	ljs-base_0g125_run_9	INFO	====> Epoch: 11
2021-04-21 14:12:50,446	ljs-base_0g125_run_9	INFO	====> Epoch: 11
2021-04-21 14:12:50,446	ljs-base_0g125_run_9	INFO	Saving model and optimizer state at iteration 11 to ./logs/ljs-base_0g125_run_9/G_11.pth
2021-04-21 14:13:12,021	ljs-base_0g125_run_9	INFO	Train Epoch: 12 [0/1562 (0%)]	Loss: 1.454965
2021-04-21 14:13:12,022	ljs-base_0g125_run_9	INFO	[0.34424126148223877, 1.1107237339019775, 528, 0.00015119424764465525]
2021-04-21 14:13:32,571	ljs-base_0g125_run_9	INFO	Train Epoch: 12 [640/1562 (42%)]	Loss: 1.418773
2021-04-21 14:13:32,572	ljs-base_0g125_run_9	INFO	[0.3348849415779114, 1.083888053894043, 548, 0.0001568996909520007]
2021-04-21 14:13:52,776	ljs-base_0g125_run_9	INFO	Train Epoch: 12 [1280/1562 (83%)]	Loss: 1.395200
2021-04-21 14:13:52,777	ljs-base_0g125_run_9	INFO	[0.33112072944641113, 1.0640796422958374, 568, 0.00016260513425934617]
2021-04-21 14:14:00,767	ljs-base_0g125_run_9	INFO	====> Epoch: 12
2021-04-21 14:14:19,608	ljs-base_0g125_run_9	INFO	====> Epoch: 12
2021-04-21 14:14:19,609	ljs-base_0g125_run_9	INFO	Saving model and optimizer state at iteration 12 to ./logs/ljs-base_0g125_run_9/G_12.pth
2021-04-21 14:14:41,299	ljs-base_0g125_run_9	INFO	Train Epoch: 13 [0/1562 (0%)]	Loss: 1.450300
2021-04-21 14:14:41,300	ljs-base_0g125_run_9	INFO	[0.32692205905914307, 1.123378038406372, 576, 0.00016488731158228437]
2021-04-21 14:15:01,838	ljs-base_0g125_run_9	INFO	Train Epoch: 13 [640/1562 (42%)]	Loss: 1.383722
2021-04-21 14:15:01,839	ljs-base_0g125_run_9	INFO	[0.3093935251235962, 1.0743281841278076, 596, 0.00017059275488962987]
2021-04-21 14:15:22,489	ljs-base_0g125_run_9	INFO	Train Epoch: 13 [1280/1562 (83%)]	Loss: 1.385089
2021-04-21 14:15:22,490	ljs-base_0g125_run_9	INFO	[0.31010550260543823, 1.0749839544296265, 616, 0.00017629819819697535]
2021-04-21 14:15:30,303	ljs-base_0g125_run_9	INFO	====> Epoch: 13
2021-04-21 14:15:49,663	ljs-base_0g125_run_9	INFO	====> Epoch: 13
2021-04-21 14:15:49,663	ljs-base_0g125_run_9	INFO	Saving model and optimizer state at iteration 13 to ./logs/ljs-base_0g125_run_9/G_13.pth
2021-04-21 14:16:10,705	ljs-base_0g125_run_9	INFO	Train Epoch: 14 [0/1562 (0%)]	Loss: 1.405073
2021-04-21 14:16:10,706	ljs-base_0g125_run_9	INFO	[0.31017225980758667, 1.094900369644165, 624, 0.00017858037551991355]
2021-04-21 14:16:31,185	ljs-base_0g125_run_9	INFO	Train Epoch: 14 [640/1562 (42%)]	Loss: 1.346940
2021-04-21 14:16:31,186	ljs-base_0g125_run_9	INFO	[0.2973611354827881, 1.0495787858963013, 644, 0.000184285818827259]
2021-04-21 14:16:51,342	ljs-base_0g125_run_9	INFO	Train Epoch: 14 [1280/1562 (83%)]	Loss: 1.370681
2021-04-21 14:16:51,343	ljs-base_0g125_run_9	INFO	[0.30220961570739746, 1.0684717893600464, 664, 0.0001899912621346045]
2021-04-21 14:16:59,281	ljs-base_0g125_run_9	INFO	====> Epoch: 14
2021-04-21 14:17:17,436	ljs-base_0g125_run_9	INFO	====> Epoch: 14
2021-04-21 14:17:17,437	ljs-base_0g125_run_9	INFO	Saving model and optimizer state at iteration 14 to ./logs/ljs-base_0g125_run_9/G_14.pth
2021-04-21 14:17:38,556	ljs-base_0g125_run_9	INFO	Train Epoch: 15 [0/1562 (0%)]	Loss: 1.383144
2021-04-21 14:17:38,556	ljs-base_0g125_run_9	INFO	[0.28980714082717896, 1.0933364629745483, 672, 0.0001922734394575427]
2021-04-21 14:17:58,824	ljs-base_0g125_run_9	INFO	Train Epoch: 15 [640/1562 (42%)]	Loss: 1.349700
2021-04-21 14:17:58,825	ljs-base_0g125_run_9	INFO	[0.2934032082557678, 1.0562970638275146, 692, 0.00019797888276488817]
2021-04-21 14:18:19,267	ljs-base_0g125_run_9	INFO	Train Epoch: 15 [1280/1562 (83%)]	Loss: 1.361231
2021-04-21 14:18:19,268	ljs-base_0g125_run_9	INFO	[0.289689838886261, 1.0715409517288208, 712, 0.00020368432607223365]
2021-04-21 14:18:27,180	ljs-base_0g125_run_9	INFO	====> Epoch: 15
2021-04-21 14:18:45,525	ljs-base_0g125_run_9	INFO	====> Epoch: 15
2021-04-21 14:18:45,526	ljs-base_0g125_run_9	INFO	Saving model and optimizer state at iteration 15 to ./logs/ljs-base_0g125_run_9/G_15.pth
2021-04-21 14:19:06,699	ljs-base_0g125_run_9	INFO	Train Epoch: 16 [0/1562 (0%)]	Loss: 1.331440
2021-04-21 14:19:06,700	ljs-base_0g125_run_9	INFO	[0.28253138065338135, 1.048909068107605, 720, 0.00020596650339517185]
2021-04-21 14:19:27,107	ljs-base_0g125_run_9	INFO	Train Epoch: 16 [640/1562 (42%)]	Loss: 1.310727
2021-04-21 14:19:27,108	ljs-base_0g125_run_9	INFO	[0.2730889320373535, 1.037637710571289, 740, 0.00021167194670251732]
2021-04-21 14:19:47,503	ljs-base_0g125_run_9	INFO	Train Epoch: 16 [1280/1562 (83%)]	Loss: 1.355259
2021-04-21 14:19:47,505	ljs-base_0g125_run_9	INFO	[0.28054314851760864, 1.0747158527374268, 760, 0.0002173773900098628]
2021-04-21 14:19:55,299	ljs-base_0g125_run_9	INFO	====> Epoch: 16
2021-04-21 14:20:13,415	ljs-base_0g125_run_9	INFO	====> Epoch: 16
2021-04-21 14:20:13,416	ljs-base_0g125_run_9	INFO	Saving model and optimizer state at iteration 16 to ./logs/ljs-base_0g125_run_9/G_16.pth
2021-04-21 14:20:34,860	ljs-base_0g125_run_9	INFO	Train Epoch: 17 [0/1562 (0%)]	Loss: 1.267718
2021-04-21 14:20:34,861	ljs-base_0g125_run_9	INFO	[0.27734601497650146, 0.9903721213340759, 768, 0.000219659567332801]
2021-04-21 14:20:55,403	ljs-base_0g125_run_9	INFO	Train Epoch: 17 [640/1562 (42%)]	Loss: 1.283561
2021-04-21 14:20:55,404	ljs-base_0g125_run_9	INFO	[0.26620548963546753, 1.0173557996749878, 788, 0.00022536501064014647]
2021-04-21 14:21:15,287	ljs-base_0g125_run_9	INFO	Train Epoch: 17 [1280/1562 (83%)]	Loss: 1.303850
2021-04-21 14:21:15,288	ljs-base_0g125_run_9	INFO	[0.26366573572158813, 1.0401839017868042, 808, 0.00023107045394749195]
2021-04-21 14:21:23,226	ljs-base_0g125_run_9	INFO	====> Epoch: 17
2021-04-21 14:21:41,525	ljs-base_0g125_run_9	INFO	====> Epoch: 17
2021-04-21 14:21:41,525	ljs-base_0g125_run_9	INFO	Saving model and optimizer state at iteration 17 to ./logs/ljs-base_0g125_run_9/G_17.pth
2021-04-21 14:22:02,853	ljs-base_0g125_run_9	INFO	Train Epoch: 18 [0/1562 (0%)]	Loss: 1.289216
2021-04-21 14:22:02,854	ljs-base_0g125_run_9	INFO	[0.2683420181274414, 1.0208740234375, 816, 0.00023335263127043015]
2021-04-21 14:22:23,322	ljs-base_0g125_run_9	INFO	Train Epoch: 18 [640/1562 (42%)]	Loss: 1.257527
2021-04-21 14:22:23,323	ljs-base_0g125_run_9	INFO	[0.256492555141449, 1.001034140586853, 836, 0.00023905807457777562]
2021-04-21 14:22:43,525	ljs-base_0g125_run_9	INFO	Train Epoch: 18 [1280/1562 (83%)]	Loss: 1.261426
2021-04-21 14:22:43,526	ljs-base_0g125_run_9	INFO	[0.25039535760879517, 1.0110303163528442, 856, 0.00024476351788512113]
2021-04-21 14:22:51,445	ljs-base_0g125_run_9	INFO	====> Epoch: 18
2021-04-21 14:23:10,572	ljs-base_0g125_run_9	INFO	====> Epoch: 18
2021-04-21 14:23:10,573	ljs-base_0g125_run_9	INFO	Saving model and optimizer state at iteration 18 to ./logs/ljs-base_0g125_run_9/G_18.pth
2021-04-21 14:23:31,881	ljs-base_0g125_run_9	INFO	Train Epoch: 19 [0/1562 (0%)]	Loss: 1.197633
2021-04-21 14:23:31,882	ljs-base_0g125_run_9	INFO	[0.24155235290527344, 0.9560806751251221, 864, 0.0002470456952080593]
2021-04-21 14:23:52,310	ljs-base_0g125_run_9	INFO	Train Epoch: 19 [640/1562 (42%)]	Loss: 1.189377
2021-04-21 14:23:52,312	ljs-base_0g125_run_9	INFO	[0.24555200338363647, 0.9438248872756958, 884, 0.0002527511385154048]
2021-04-21 14:24:12,378	ljs-base_0g125_run_9	INFO	Train Epoch: 19 [1280/1562 (83%)]	Loss: 1.178454
2021-04-21 14:24:12,379	ljs-base_0g125_run_9	INFO	[0.23598545789718628, 0.9424684047698975, 904, 0.00025845658182275025]
2021-04-21 14:24:20,121	ljs-base_0g125_run_9	INFO	====> Epoch: 19
2021-04-21 14:24:38,588	ljs-base_0g125_run_9	INFO	====> Epoch: 19
2021-04-21 14:24:38,589	ljs-base_0g125_run_9	INFO	Saving model and optimizer state at iteration 19 to ./logs/ljs-base_0g125_run_9/G_19.pth
2021-04-21 14:24:59,781	ljs-base_0g125_run_9	INFO	Train Epoch: 20 [0/1562 (0%)]	Loss: 1.168421
2021-04-21 14:24:59,782	ljs-base_0g125_run_9	INFO	[0.23096227645874023, 0.9374589920043945, 912, 0.0002607387591456884]
2021-04-21 14:25:20,258	ljs-base_0g125_run_9	INFO	Train Epoch: 20 [640/1562 (42%)]	Loss: 1.182808
2021-04-21 14:25:20,259	ljs-base_0g125_run_9	INFO	[0.22842836380004883, 0.9543792009353638, 932, 0.00026644420245303395]
2021-04-21 14:25:40,976	ljs-base_0g125_run_9	INFO	Train Epoch: 20 [1280/1562 (83%)]	Loss: 1.105045
2021-04-21 14:25:40,977	ljs-base_0g125_run_9	INFO	[0.23257064819335938, 0.8724746704101562, 952, 0.00027214964576037943]
2021-04-21 14:25:48,664	ljs-base_0g125_run_9	INFO	====> Epoch: 20
2021-04-21 14:26:07,497	ljs-base_0g125_run_9	INFO	====> Epoch: 20
2021-04-21 14:26:07,498	ljs-base_0g125_run_9	INFO	Saving model and optimizer state at iteration 20 to ./logs/ljs-base_0g125_run_9/G_20.pth
2021-04-21 14:26:28,728	ljs-base_0g125_run_9	INFO	Train Epoch: 21 [0/1562 (0%)]	Loss: 1.098097
2021-04-21 14:26:28,729	ljs-base_0g125_run_9	INFO	[0.22958362102508545, 0.8685129880905151, 960, 0.0002744318230833176]
2021-04-21 14:26:49,399	ljs-base_0g125_run_9	INFO	Train Epoch: 21 [640/1562 (42%)]	Loss: 1.070410
2021-04-21 14:26:49,400	ljs-base_0g125_run_9	INFO	[0.23143833875656128, 0.8389716744422913, 980, 0.0002801372663906631]
2021-04-21 14:27:09,977	ljs-base_0g125_run_9	INFO	Train Epoch: 21 [1280/1562 (83%)]	Loss: 1.055896
2021-04-21 14:27:09,978	ljs-base_0g125_run_9	INFO	[0.22399848699569702, 0.8318971395492554, 1000, 0.00028584270969800855]
2021-04-21 14:27:17,964	ljs-base_0g125_run_9	INFO	====> Epoch: 21
2021-04-21 14:27:36,544	ljs-base_0g125_run_9	INFO	====> Epoch: 21
2021-04-21 14:27:36,545	ljs-base_0g125_run_9	INFO	Saving model and optimizer state at iteration 21 to ./logs/ljs-base_0g125_run_9/G_21.pth
2021-04-21 14:27:57,882	ljs-base_0g125_run_9	INFO	Train Epoch: 22 [0/1562 (0%)]	Loss: 1.055913
2021-04-21 14:27:57,882	ljs-base_0g125_run_9	INFO	[0.21839219331741333, 0.8375213146209717, 1008, 0.0002881248870209468]
2021-04-21 14:28:18,188	ljs-base_0g125_run_9	INFO	Train Epoch: 22 [640/1562 (42%)]	Loss: 1.031112
2021-04-21 14:28:18,189	ljs-base_0g125_run_9	INFO	[0.21646010875701904, 0.8146514892578125, 1028, 0.00029383033032829225]
2021-04-21 14:28:39,018	ljs-base_0g125_run_9	INFO	Train Epoch: 22 [1280/1562 (83%)]	Loss: 1.055340
2021-04-21 14:28:39,020	ljs-base_0g125_run_9	INFO	[0.2213779091835022, 0.833962082862854, 1048, 0.00029953577363563773]
2021-04-21 14:28:46,858	ljs-base_0g125_run_9	INFO	====> Epoch: 22
2021-04-21 14:29:05,645	ljs-base_0g125_run_9	INFO	====> Epoch: 22
2021-04-21 14:29:05,646	ljs-base_0g125_run_9	INFO	Saving model and optimizer state at iteration 22 to ./logs/ljs-base_0g125_run_9/G_22.pth
2021-04-21 14:29:27,080	ljs-base_0g125_run_9	INFO	Train Epoch: 23 [0/1562 (0%)]	Loss: 1.019260
2021-04-21 14:29:27,081	ljs-base_0g125_run_9	INFO	[0.2106456756591797, 0.8086142539978027, 1056, 0.00030181795095857595]
2021-04-21 14:29:47,399	ljs-base_0g125_run_9	INFO	Train Epoch: 23 [640/1562 (42%)]	Loss: 0.997110
2021-04-21 14:29:47,400	ljs-base_0g125_run_9	INFO	[0.2077498435974121, 0.7893602848052979, 1076, 0.0003075233942659214]
2021-04-21 14:30:07,758	ljs-base_0g125_run_9	INFO	Train Epoch: 23 [1280/1562 (83%)]	Loss: 0.964062
2021-04-21 14:30:07,759	ljs-base_0g125_run_9	INFO	[0.20599722862243652, 0.7580649852752686, 1096, 0.00031322883757326685]
2021-04-21 14:30:15,634	ljs-base_0g125_run_9	INFO	====> Epoch: 23
2021-04-21 14:30:34,608	ljs-base_0g125_run_9	INFO	====> Epoch: 23
2021-04-21 14:30:34,609	ljs-base_0g125_run_9	INFO	Saving model and optimizer state at iteration 23 to ./logs/ljs-base_0g125_run_9/G_23.pth
2021-04-21 14:30:56,180	ljs-base_0g125_run_9	INFO	Train Epoch: 24 [0/1562 (0%)]	Loss: 0.932319
2021-04-21 14:30:56,181	ljs-base_0g125_run_9	INFO	[0.20129799842834473, 0.7310211062431335, 1104, 0.0003155110148962051]
2021-04-21 14:31:16,385	ljs-base_0g125_run_9	INFO	Train Epoch: 24 [640/1562 (42%)]	Loss: 0.983953
2021-04-21 14:31:16,386	ljs-base_0g125_run_9	INFO	[0.20644032955169678, 0.7775130867958069, 1124, 0.00032121645820355055]
2021-04-21 14:31:36,535	ljs-base_0g125_run_9	INFO	Train Epoch: 24 [1280/1562 (83%)]	Loss: 0.973628
2021-04-21 14:31:36,536	ljs-base_0g125_run_9	INFO	[0.19851791858673096, 0.775109589099884, 1144, 0.00032692190151089603]
2021-04-21 14:31:44,548	ljs-base_0g125_run_9	INFO	====> Epoch: 24
2021-04-21 14:32:03,222	ljs-base_0g125_run_9	INFO	====> Epoch: 24
2021-04-21 14:32:03,223	ljs-base_0g125_run_9	INFO	Saving model and optimizer state at iteration 24 to ./logs/ljs-base_0g125_run_9/G_24.pth
2021-04-21 14:32:24,596	ljs-base_0g125_run_9	INFO	Train Epoch: 25 [0/1562 (0%)]	Loss: 0.928351
2021-04-21 14:32:24,597	ljs-base_0g125_run_9	INFO	[0.19773262739181519, 0.7306188344955444, 1152, 0.0003292040788338342]
2021-04-21 14:32:44,828	ljs-base_0g125_run_9	INFO	Train Epoch: 25 [640/1562 (42%)]	Loss: 0.957193
2021-04-21 14:32:44,829	ljs-base_0g125_run_9	INFO	[0.19782519340515137, 0.7593675851821899, 1172, 0.0003349095221411797]
2021-04-21 14:33:05,652	ljs-base_0g125_run_9	INFO	Train Epoch: 25 [1280/1562 (83%)]	Loss: 0.940743
2021-04-21 14:33:05,653	ljs-base_0g125_run_9	INFO	[0.19702917337417603, 0.7437136173248291, 1192, 0.0003406149654485252]
2021-04-21 14:33:13,668	ljs-base_0g125_run_9	INFO	====> Epoch: 25
2021-04-21 14:33:31,981	ljs-base_0g125_run_9	INFO	====> Epoch: 25
2021-04-21 14:33:31,982	ljs-base_0g125_run_9	INFO	Saving model and optimizer state at iteration 25 to ./logs/ljs-base_0g125_run_9/G_25.pth
2021-04-21 14:33:53,654	ljs-base_0g125_run_9	INFO	Train Epoch: 26 [0/1562 (0%)]	Loss: 0.900535
2021-04-21 14:33:53,655	ljs-base_0g125_run_9	INFO	[0.19193506240844727, 0.7086004018783569, 1200, 0.0003428971427714634]
2021-04-21 14:34:14,189	ljs-base_0g125_run_9	INFO	Train Epoch: 26 [640/1562 (42%)]	Loss: 0.888009
2021-04-21 14:34:14,190	ljs-base_0g125_run_9	INFO	[0.18595653772354126, 0.7020522356033325, 1220, 0.00034860258607880885]
2021-04-21 14:34:34,533	ljs-base_0g125_run_9	INFO	Train Epoch: 26 [1280/1562 (83%)]	Loss: 0.883742
2021-04-21 14:34:34,534	ljs-base_0g125_run_9	INFO	[0.17697972059249878, 0.7067623138427734, 1240, 0.00035430802938615433]
2021-04-21 14:34:42,415	ljs-base_0g125_run_9	INFO	====> Epoch: 26
2021-04-21 14:35:00,570	ljs-base_0g125_run_9	INFO	====> Epoch: 26
2021-04-21 14:35:00,571	ljs-base_0g125_run_9	INFO	Saving model and optimizer state at iteration 26 to ./logs/ljs-base_0g125_run_9/G_26.pth
2021-04-21 14:35:21,761	ljs-base_0g125_run_9	INFO	Train Epoch: 27 [0/1562 (0%)]	Loss: 0.880045
2021-04-21 14:35:21,762	ljs-base_0g125_run_9	INFO	[0.18329817056655884, 0.6967467069625854, 1248, 0.0003565902067090925]
2021-04-21 14:35:42,253	ljs-base_0g125_run_9	INFO	Train Epoch: 27 [640/1562 (42%)]	Loss: 0.881523
2021-04-21 14:35:42,254	ljs-base_0g125_run_9	INFO	[0.17649000883102417, 0.7050328850746155, 1268, 0.00036229565001643803]
2021-04-21 14:36:02,424	ljs-base_0g125_run_9	INFO	Train Epoch: 27 [1280/1562 (83%)]	Loss: 0.890801
2021-04-21 14:36:02,425	ljs-base_0g125_run_9	INFO	[0.18622297048568726, 0.7045780420303345, 1288, 0.0003680010933237835]
2021-04-21 14:36:10,268	ljs-base_0g125_run_9	INFO	====> Epoch: 27
2021-04-21 14:36:28,658	ljs-base_0g125_run_9	INFO	====> Epoch: 27
2021-04-21 14:36:28,658	ljs-base_0g125_run_9	INFO	Saving model and optimizer state at iteration 27 to ./logs/ljs-base_0g125_run_9/G_27.pth
2021-04-21 14:36:50,043	ljs-base_0g125_run_9	INFO	Train Epoch: 28 [0/1562 (0%)]	Loss: 0.838158
2021-04-21 14:36:50,044	ljs-base_0g125_run_9	INFO	[0.17250442504882812, 0.6656535267829895, 1296, 0.0003702832706467217]
2021-04-21 14:37:10,429	ljs-base_0g125_run_9	INFO	Train Epoch: 28 [640/1562 (42%)]	Loss: 0.887873
2021-04-21 14:37:10,430	ljs-base_0g125_run_9	INFO	[0.17206615209579468, 0.715807318687439, 1316, 0.00037598871395406715]
2021-04-21 14:37:30,770	ljs-base_0g125_run_9	INFO	Train Epoch: 28 [1280/1562 (83%)]	Loss: 0.804160
2021-04-21 14:37:30,771	ljs-base_0g125_run_9	INFO	[0.16985255479812622, 0.6343076825141907, 1336, 0.00038169415726141263]
2021-04-21 14:37:38,643	ljs-base_0g125_run_9	INFO	====> Epoch: 28
2021-04-21 14:37:57,698	ljs-base_0g125_run_9	INFO	====> Epoch: 28
2021-04-21 14:37:57,698	ljs-base_0g125_run_9	INFO	Saving model and optimizer state at iteration 28 to ./logs/ljs-base_0g125_run_9/G_28.pth
2021-04-21 14:38:19,546	ljs-base_0g125_run_9	INFO	Train Epoch: 29 [0/1562 (0%)]	Loss: 0.815405
2021-04-21 14:38:19,546	ljs-base_0g125_run_9	INFO	[0.17272156476974487, 0.6426838636398315, 1344, 0.00038397633458435085]
2021-04-21 14:38:40,213	ljs-base_0g125_run_9	INFO	Train Epoch: 29 [640/1562 (42%)]	Loss: 0.801465
2021-04-21 14:38:40,215	ljs-base_0g125_run_9	INFO	[0.16251319646835327, 0.6389520168304443, 1364, 0.00038968177789169633]
2021-04-21 14:39:00,590	ljs-base_0g125_run_9	INFO	Train Epoch: 29 [1280/1562 (83%)]	Loss: 0.830767
2021-04-21 14:39:00,591	ljs-base_0g125_run_9	INFO	[0.17596757411956787, 0.6547994613647461, 1384, 0.00039538722119904175]
2021-04-21 14:39:08,544	ljs-base_0g125_run_9	INFO	====> Epoch: 29
2021-04-21 14:39:27,527	ljs-base_0g125_run_9	INFO	====> Epoch: 29
2021-04-21 14:39:27,528	ljs-base_0g125_run_9	INFO	Saving model and optimizer state at iteration 29 to ./logs/ljs-base_0g125_run_9/G_29.pth
2021-04-21 14:39:48,993	ljs-base_0g125_run_9	INFO	Train Epoch: 30 [0/1562 (0%)]	Loss: 0.790843
2021-04-21 14:39:48,993	ljs-base_0g125_run_9	INFO	[0.1609693169593811, 0.6298737525939941, 1392, 0.00039766939852198]
2021-04-21 14:40:09,362	ljs-base_0g125_run_9	INFO	Train Epoch: 30 [640/1562 (42%)]	Loss: 0.828565
2021-04-21 14:40:09,363	ljs-base_0g125_run_9	INFO	[0.16249173879623413, 0.6660728454589844, 1412, 0.00040337484182932545]
2021-04-21 14:40:30,127	ljs-base_0g125_run_9	INFO	Train Epoch: 30 [1280/1562 (83%)]	Loss: 0.773585
2021-04-21 14:40:30,128	ljs-base_0g125_run_9	INFO	[0.1682877540588379, 0.605296790599823, 1432, 0.00040908028513667093]
2021-04-21 14:40:37,900	ljs-base_0g125_run_9	INFO	====> Epoch: 30
2021-04-21 14:40:56,655	ljs-base_0g125_run_9	INFO	====> Epoch: 30
2021-04-21 14:40:56,655	ljs-base_0g125_run_9	INFO	Saving model and optimizer state at iteration 30 to ./logs/ljs-base_0g125_run_9/G_30.pth
2021-04-21 14:41:18,086	ljs-base_0g125_run_9	INFO	Train Epoch: 31 [0/1562 (0%)]	Loss: 0.775970
2021-04-21 14:41:18,087	ljs-base_0g125_run_9	INFO	[0.15957820415496826, 0.6163915991783142, 1440, 0.00041136246245960915]
2021-04-21 14:41:38,456	ljs-base_0g125_run_9	INFO	Train Epoch: 31 [640/1562 (42%)]	Loss: 0.742636
2021-04-21 14:41:38,457	ljs-base_0g125_run_9	INFO	[0.15686500072479248, 0.5857710838317871, 1460, 0.0004170679057669546]
2021-04-21 14:41:59,070	ljs-base_0g125_run_9	INFO	Train Epoch: 31 [1280/1562 (83%)]	Loss: 0.766874
2021-04-21 14:41:59,071	ljs-base_0g125_run_9	INFO	[0.16010481119155884, 0.6067696213722229, 1480, 0.0004227733490743001]
2021-04-21 14:42:06,817	ljs-base_0g125_run_9	INFO	====> Epoch: 31
2021-04-21 14:42:25,422	ljs-base_0g125_run_9	INFO	====> Epoch: 31
2021-04-21 14:42:25,423	ljs-base_0g125_run_9	INFO	Saving model and optimizer state at iteration 31 to ./logs/ljs-base_0g125_run_9/G_31.pth
2021-04-21 14:42:46,878	ljs-base_0g125_run_9	INFO	Train Epoch: 32 [0/1562 (0%)]	Loss: 0.754809
2021-04-21 14:42:46,879	ljs-base_0g125_run_9	INFO	[0.1439051628112793, 0.610904335975647, 1488, 0.00042505552639723833]
2021-04-21 14:43:07,382	ljs-base_0g125_run_9	INFO	Train Epoch: 32 [640/1562 (42%)]	Loss: 0.727921
2021-04-21 14:43:07,384	ljs-base_0g125_run_9	INFO	[0.1596662402153015, 0.5682550668716431, 1508, 0.00043076096970458375]
2021-04-21 14:43:27,940	ljs-base_0g125_run_9	INFO	Train Epoch: 32 [1280/1562 (83%)]	Loss: 0.763941
2021-04-21 14:43:27,941	ljs-base_0g125_run_9	INFO	[0.14704418182373047, 0.6168965101242065, 1528, 0.0004364664130119293]
2021-04-21 14:43:35,774	ljs-base_0g125_run_9	INFO	====> Epoch: 32
2021-04-21 14:43:54,725	ljs-base_0g125_run_9	INFO	====> Epoch: 32
2021-04-21 14:43:54,726	ljs-base_0g125_run_9	INFO	Saving model and optimizer state at iteration 32 to ./logs/ljs-base_0g125_run_9/G_32.pth
2021-04-21 14:44:16,168	ljs-base_0g125_run_9	INFO	Train Epoch: 33 [0/1562 (0%)]	Loss: 0.710477
2021-04-21 14:44:16,169	ljs-base_0g125_run_9	INFO	[0.14373981952667236, 0.5667367577552795, 1536, 0.0004387485903348674]
2021-04-21 14:44:36,296	ljs-base_0g125_run_9	INFO	Train Epoch: 33 [640/1562 (42%)]	Loss: 0.708409
2021-04-21 14:44:36,297	ljs-base_0g125_run_9	INFO	[0.14047688245773315, 0.5679316520690918, 1556, 0.00044445403364221293]
2021-04-21 14:44:56,842	ljs-base_0g125_run_9	INFO	Train Epoch: 33 [1280/1562 (83%)]	Loss: 0.731383
2021-04-21 14:44:56,843	ljs-base_0g125_run_9	INFO	[0.14788436889648438, 0.583498477935791, 1576, 0.0004501594769495584]
2021-04-21 14:45:04,659	ljs-base_0g125_run_9	INFO	====> Epoch: 33
2021-04-21 14:45:24,769	ljs-base_0g125_run_9	INFO	====> Epoch: 33
2021-04-21 14:45:24,770	ljs-base_0g125_run_9	INFO	Saving model and optimizer state at iteration 33 to ./logs/ljs-base_0g125_run_9/G_33.pth
2021-04-21 14:45:46,857	ljs-base_0g125_run_9	INFO	Train Epoch: 34 [0/1562 (0%)]	Loss: 0.675688
2021-04-21 14:45:46,857	ljs-base_0g125_run_9	INFO	[0.14123862981796265, 0.5344494581222534, 1584, 0.0004524416542724966]
2021-04-21 14:46:07,294	ljs-base_0g125_run_9	INFO	Train Epoch: 34 [640/1562 (42%)]	Loss: 0.685760
2021-04-21 14:46:07,295	ljs-base_0g125_run_9	INFO	[0.13769316673278809, 0.5480664968490601, 1604, 0.0004581470975798421]
2021-04-21 14:46:27,532	ljs-base_0g125_run_9	INFO	Train Epoch: 34 [1280/1562 (83%)]	Loss: 0.698064
2021-04-21 14:46:27,533	ljs-base_0g125_run_9	INFO	[0.13907617330551147, 0.5589873790740967, 1624, 0.0004638525408871876]
2021-04-21 14:46:35,488	ljs-base_0g125_run_9	INFO	====> Epoch: 34
2021-04-21 14:46:55,492	ljs-base_0g125_run_9	INFO	====> Epoch: 34
2021-04-21 14:46:55,493	ljs-base_0g125_run_9	INFO	Saving model and optimizer state at iteration 34 to ./logs/ljs-base_0g125_run_9/G_34.pth
2021-04-21 14:47:16,812	ljs-base_0g125_run_9	INFO	Train Epoch: 35 [0/1562 (0%)]	Loss: 0.678419
2021-04-21 14:47:16,813	ljs-base_0g125_run_9	INFO	[0.13693583011627197, 0.5414835810661316, 1632, 0.00046613471821012575]
2021-04-21 14:47:37,357	ljs-base_0g125_run_9	INFO	Train Epoch: 35 [640/1562 (42%)]	Loss: 0.692382
2021-04-21 14:47:37,359	ljs-base_0g125_run_9	INFO	[0.13563454151153564, 0.5567476153373718, 1652, 0.00047184016151747123]
2021-04-21 14:47:57,912	ljs-base_0g125_run_9	INFO	Train Epoch: 35 [1280/1562 (83%)]	Loss: 0.670998
2021-04-21 14:47:57,913	ljs-base_0g125_run_9	INFO	[0.14297819137573242, 0.528019368648529, 1672, 0.0004775456048248167]
2021-04-21 14:48:05,784	ljs-base_0g125_run_9	INFO	====> Epoch: 35
2021-04-21 14:48:24,428	ljs-base_0g125_run_9	INFO	====> Epoch: 35
2021-04-21 14:48:24,429	ljs-base_0g125_run_9	INFO	Saving model and optimizer state at iteration 35 to ./logs/ljs-base_0g125_run_9/G_35.pth
2021-04-21 14:48:45,649	ljs-base_0g125_run_9	INFO	Train Epoch: 36 [0/1562 (0%)]	Loss: 0.647740
2021-04-21 14:48:45,650	ljs-base_0g125_run_9	INFO	[0.13435381650924683, 0.5133857131004333, 1680, 0.00047982778214775493]
2021-04-21 14:49:05,874	ljs-base_0g125_run_9	INFO	Train Epoch: 36 [640/1562 (42%)]	Loss: 0.630216
2021-04-21 14:49:05,875	ljs-base_0g125_run_9	INFO	[0.12412053346633911, 0.5060957074165344, 1700, 0.0004855332254551004]
2021-04-21 14:49:26,237	ljs-base_0g125_run_9	INFO	Train Epoch: 36 [1280/1562 (83%)]	Loss: 0.619210
2021-04-21 14:49:26,238	ljs-base_0g125_run_9	INFO	[0.13077253103256226, 0.48843759298324585, 1720, 0.0004912386687624459]
2021-04-21 14:49:33,997	ljs-base_0g125_run_9	INFO	====> Epoch: 36
2021-04-21 14:49:52,434	ljs-base_0g125_run_9	INFO	====> Epoch: 36
2021-04-21 14:49:52,434	ljs-base_0g125_run_9	INFO	Saving model and optimizer state at iteration 36 to ./logs/ljs-base_0g125_run_9/G_36.pth
2021-04-21 14:50:13,767	ljs-base_0g125_run_9	INFO	Train Epoch: 37 [0/1562 (0%)]	Loss: 0.597158
2021-04-21 14:50:13,768	ljs-base_0g125_run_9	INFO	[0.12724047899246216, 0.4699175953865051, 1728, 0.000493520846085384]
2021-04-21 14:50:34,232	ljs-base_0g125_run_9	INFO	Train Epoch: 37 [640/1562 (42%)]	Loss: 0.675799
2021-04-21 14:50:34,233	ljs-base_0g125_run_9	INFO	[0.12195771932601929, 0.5538413524627686, 1748, 0.0004992262893927295]
2021-04-21 14:50:54,193	ljs-base_0g125_run_9	INFO	Train Epoch: 37 [1280/1562 (83%)]	Loss: 0.639126
2021-04-21 14:50:54,194	ljs-base_0g125_run_9	INFO	[0.12133252620697021, 0.5177938938140869, 1768, 0.000504931732700075]
2021-04-21 14:51:02,018	ljs-base_0g125_run_9	INFO	====> Epoch: 37
2021-04-21 14:51:20,448	ljs-base_0g125_run_9	INFO	====> Epoch: 37
2021-04-21 14:51:20,449	ljs-base_0g125_run_9	INFO	Saving model and optimizer state at iteration 37 to ./logs/ljs-base_0g125_run_9/G_37.pth
2021-04-21 14:51:41,969	ljs-base_0g125_run_9	INFO	Train Epoch: 38 [0/1562 (0%)]	Loss: 0.619554
2021-04-21 14:51:41,970	ljs-base_0g125_run_9	INFO	[0.12422758340835571, 0.49532634019851685, 1776, 0.0005072139100230132]
2021-04-21 14:52:02,367	ljs-base_0g125_run_9	INFO	Train Epoch: 38 [640/1562 (42%)]	Loss: 0.624721
2021-04-21 14:52:02,368	ljs-base_0g125_run_9	INFO	[0.1283203363418579, 0.4964006543159485, 1796, 0.0005129193533303587]
2021-04-21 14:52:22,433	ljs-base_0g125_run_9	INFO	Train Epoch: 38 [1280/1562 (83%)]	Loss: 0.660532
2021-04-21 14:52:22,434	ljs-base_0g125_run_9	INFO	[0.12733423709869385, 0.5331979990005493, 1816, 0.0005186247966377041]
2021-04-21 14:52:30,278	ljs-base_0g125_run_9	INFO	====> Epoch: 38
2021-04-21 14:52:49,403	ljs-base_0g125_run_9	INFO	====> Epoch: 38
2021-04-21 14:52:49,404	ljs-base_0g125_run_9	INFO	Saving model and optimizer state at iteration 38 to ./logs/ljs-base_0g125_run_9/G_38.pth
2021-04-21 14:53:10,856	ljs-base_0g125_run_9	INFO	Train Epoch: 39 [0/1562 (0%)]	Loss: 0.578111
2021-04-21 14:53:10,856	ljs-base_0g125_run_9	INFO	[0.12012654542922974, 0.45798417925834656, 1824, 0.0005209069739606424]
2021-04-21 14:53:31,461	ljs-base_0g125_run_9	INFO	Train Epoch: 39 [640/1562 (42%)]	Loss: 0.566091
2021-04-21 14:53:31,463	ljs-base_0g125_run_9	INFO	[0.11069679260253906, 0.45539429783821106, 1844, 0.0005266124172679878]
2021-04-21 14:53:51,941	ljs-base_0g125_run_9	INFO	Train Epoch: 39 [1280/1562 (83%)]	Loss: 0.592924
2021-04-21 14:53:51,942	ljs-base_0g125_run_9	INFO	[0.12265956401824951, 0.4702645242214203, 1864, 0.0005323178605753334]
2021-04-21 14:53:59,821	ljs-base_0g125_run_9	INFO	====> Epoch: 39
2021-04-21 14:54:18,433	ljs-base_0g125_run_9	INFO	====> Epoch: 39
2021-04-21 14:54:18,434	ljs-base_0g125_run_9	INFO	Saving model and optimizer state at iteration 39 to ./logs/ljs-base_0g125_run_9/G_39.pth
2021-04-21 14:54:40,135	ljs-base_0g125_run_9	INFO	Train Epoch: 40 [0/1562 (0%)]	Loss: 0.589562
2021-04-21 14:54:40,136	ljs-base_0g125_run_9	INFO	[0.11313396692276001, 0.4764276444911957, 1872, 0.0005346000378982715]
2021-04-21 14:55:00,550	ljs-base_0g125_run_9	INFO	Train Epoch: 40 [640/1562 (42%)]	Loss: 0.601740
2021-04-21 14:55:00,552	ljs-base_0g125_run_9	INFO	[0.11297500133514404, 0.48876509070396423, 1892, 0.000540305481205617]
2021-04-21 14:55:21,217	ljs-base_0g125_run_9	INFO	Train Epoch: 40 [1280/1562 (83%)]	Loss: 0.574636
2021-04-21 14:55:21,218	ljs-base_0g125_run_9	INFO	[0.11409658193588257, 0.4605390727519989, 1912, 0.0005460109245129625]
2021-04-21 14:55:28,961	ljs-base_0g125_run_9	INFO	====> Epoch: 40
2021-04-21 14:55:47,917	ljs-base_0g125_run_9	INFO	====> Epoch: 40
2021-04-21 14:55:47,918	ljs-base_0g125_run_9	INFO	Saving model and optimizer state at iteration 40 to ./logs/ljs-base_0g125_run_9/G_40.pth
2021-04-21 14:56:09,672	ljs-base_0g125_run_9	INFO	Train Epoch: 41 [0/1562 (0%)]	Loss: 0.582572
2021-04-21 14:56:09,672	ljs-base_0g125_run_9	INFO	[0.11011916399002075, 0.4724532663822174, 1920, 0.0005482931018359007]
2021-04-21 14:56:30,428	ljs-base_0g125_run_9	INFO	Train Epoch: 41 [640/1562 (42%)]	Loss: 0.539234
2021-04-21 14:56:30,429	ljs-base_0g125_run_9	INFO	[0.10891050100326538, 0.4303233027458191, 1940, 0.0005539985451432462]
2021-04-21 14:56:50,651	ljs-base_0g125_run_9	INFO	Train Epoch: 41 [1280/1562 (83%)]	Loss: 0.608084
2021-04-21 14:56:50,652	ljs-base_0g125_run_9	INFO	[0.11390858888626099, 0.49417534470558167, 1960, 0.0005597039884505916]
2021-04-21 14:56:58,374	ljs-base_0g125_run_9	INFO	====> Epoch: 41
2021-04-21 14:57:17,451	ljs-base_0g125_run_9	INFO	====> Epoch: 41
2021-04-21 14:57:17,452	ljs-base_0g125_run_9	INFO	Saving model and optimizer state at iteration 41 to ./logs/ljs-base_0g125_run_9/G_41.pth
2021-04-21 14:57:38,836	ljs-base_0g125_run_9	INFO	Train Epoch: 42 [0/1562 (0%)]	Loss: 0.539295
2021-04-21 14:57:38,837	ljs-base_0g125_run_9	INFO	[0.09814262390136719, 0.44115278124809265, 1968, 0.0005619861657735298]
2021-04-21 14:57:59,365	ljs-base_0g125_run_9	INFO	Train Epoch: 42 [640/1562 (42%)]	Loss: 0.562318
2021-04-21 14:57:59,366	ljs-base_0g125_run_9	INFO	[0.10183554887771606, 0.46048271656036377, 1988, 0.0005676916090808752]
2021-04-21 14:58:19,916	ljs-base_0g125_run_9	INFO	Train Epoch: 42 [1280/1562 (83%)]	Loss: 0.555378
2021-04-21 14:58:19,918	ljs-base_0g125_run_9	INFO	[0.10417866706848145, 0.45119965076446533, 2008, 0.0005733970523882208]
2021-04-21 14:58:27,761	ljs-base_0g125_run_9	INFO	====> Epoch: 42
2021-04-21 14:58:46,514	ljs-base_0g125_run_9	INFO	====> Epoch: 42
2021-04-21 14:58:46,514	ljs-base_0g125_run_9	INFO	Saving model and optimizer state at iteration 42 to ./logs/ljs-base_0g125_run_9/G_42.pth
2021-04-21 14:59:07,648	ljs-base_0g125_run_9	INFO	Train Epoch: 43 [0/1562 (0%)]	Loss: 0.567060
2021-04-21 14:59:07,648	ljs-base_0g125_run_9	INFO	[0.09831756353378296, 0.46874213218688965, 2016, 0.0005756792297111589]
2021-04-21 14:59:28,103	ljs-base_0g125_run_9	INFO	Train Epoch: 43 [640/1562 (42%)]	Loss: 0.581065
2021-04-21 14:59:28,104	ljs-base_0g125_run_9	INFO	[0.10915452241897583, 0.47191017866134644, 2036, 0.0005813846730185044]
2021-04-21 14:59:48,709	ljs-base_0g125_run_9	INFO	Train Epoch: 43 [1280/1562 (83%)]	Loss: 0.539118
2021-04-21 14:59:48,710	ljs-base_0g125_run_9	INFO	[0.10163956880569458, 0.4374780058860779, 2056, 0.00058709011632585]
2021-04-21 14:59:56,690	ljs-base_0g125_run_9	INFO	====> Epoch: 43
2021-04-21 15:00:15,484	ljs-base_0g125_run_9	INFO	====> Epoch: 43
2021-04-21 15:00:15,485	ljs-base_0g125_run_9	INFO	Saving model and optimizer state at iteration 43 to ./logs/ljs-base_0g125_run_9/G_43.pth
2021-04-21 15:00:36,888	ljs-base_0g125_run_9	INFO	Train Epoch: 44 [0/1562 (0%)]	Loss: 0.535425
2021-04-21 15:00:36,889	ljs-base_0g125_run_9	INFO	[0.09364759922027588, 0.44177696108818054, 2064, 0.0005893722936487881]
2021-04-21 15:00:57,283	ljs-base_0g125_run_9	INFO	Train Epoch: 44 [640/1562 (42%)]	Loss: 0.530164
2021-04-21 15:00:57,283	ljs-base_0g125_run_9	INFO	[0.10176247358322144, 0.4284017086029053, 2084, 0.0005950777369561336]
2021-04-21 15:01:17,347	ljs-base_0g125_run_9	INFO	Train Epoch: 44 [1280/1562 (83%)]	Loss: 0.555377
2021-04-21 15:01:17,348	ljs-base_0g125_run_9	INFO	[0.09358173608779907, 0.4617951214313507, 2104, 0.0006007831802634791]
2021-04-21 15:01:25,073	ljs-base_0g125_run_9	INFO	====> Epoch: 44
2021-04-21 15:01:43,583	ljs-base_0g125_run_9	INFO	====> Epoch: 44
2021-04-21 15:01:43,583	ljs-base_0g125_run_9	INFO	Saving model and optimizer state at iteration 44 to ./logs/ljs-base_0g125_run_9/G_44.pth
2021-04-21 15:02:05,253	ljs-base_0g125_run_9	INFO	Train Epoch: 45 [0/1562 (0%)]	Loss: 0.547076
2021-04-21 15:02:05,254	ljs-base_0g125_run_9	INFO	[0.09381270408630371, 0.4532637298107147, 2112, 0.0006030653575864173]
2021-04-21 15:02:25,912	ljs-base_0g125_run_9	INFO	Train Epoch: 45 [640/1562 (42%)]	Loss: 0.529442
2021-04-21 15:02:25,913	ljs-base_0g125_run_9	INFO	[0.09606099128723145, 0.4333812892436981, 2132, 0.0006087708008937628]
2021-04-21 15:02:46,278	ljs-base_0g125_run_9	INFO	Train Epoch: 45 [1280/1562 (83%)]	Loss: 0.578928
2021-04-21 15:02:46,279	ljs-base_0g125_run_9	INFO	[0.1047888994216919, 0.47413867712020874, 2152, 0.0006144762442011082]
2021-04-21 15:02:54,024	ljs-base_0g125_run_9	INFO	====> Epoch: 45
2021-04-21 15:03:12,695	ljs-base_0g125_run_9	INFO	====> Epoch: 45
2021-04-21 15:03:12,695	ljs-base_0g125_run_9	INFO	Saving model and optimizer state at iteration 45 to ./logs/ljs-base_0g125_run_9/G_45.pth
2021-04-21 15:03:34,106	ljs-base_0g125_run_9	INFO	Train Epoch: 46 [0/1562 (0%)]	Loss: 0.504937
2021-04-21 15:03:34,106	ljs-base_0g125_run_9	INFO	[0.08810967206954956, 0.41682684421539307, 2160, 0.0006167584215240465]
2021-04-21 15:03:54,617	ljs-base_0g125_run_9	INFO	Train Epoch: 46 [640/1562 (42%)]	Loss: 0.567739
2021-04-21 15:03:54,618	ljs-base_0g125_run_9	INFO	[0.09708350896835327, 0.47065573930740356, 2180, 0.0006224638648313919]
2021-04-21 15:04:15,321	ljs-base_0g125_run_9	INFO	Train Epoch: 46 [1280/1562 (83%)]	Loss: 0.542390
2021-04-21 15:04:15,322	ljs-base_0g125_run_9	INFO	[0.09615623950958252, 0.44623416662216187, 2200, 0.0006281693081387373]
2021-04-21 15:04:22,974	ljs-base_0g125_run_9	INFO	====> Epoch: 46
2021-04-21 15:04:41,343	ljs-base_0g125_run_9	INFO	====> Epoch: 46
2021-04-21 15:04:41,344	ljs-base_0g125_run_9	INFO	Saving model and optimizer state at iteration 46 to ./logs/ljs-base_0g125_run_9/G_46.pth
2021-04-21 15:05:02,740	ljs-base_0g125_run_9	INFO	Train Epoch: 47 [0/1562 (0%)]	Loss: 0.502232
2021-04-21 15:05:02,741	ljs-base_0g125_run_9	INFO	[0.0879601240158081, 0.4142719805240631, 2208, 0.0006304514854616756]
2021-04-21 15:05:23,177	ljs-base_0g125_run_9	INFO	Train Epoch: 47 [640/1562 (42%)]	Loss: 0.531889
2021-04-21 15:05:23,178	ljs-base_0g125_run_9	INFO	[0.08921599388122559, 0.442672997713089, 2228, 0.0006361569287690211]
2021-04-21 15:05:43,470	ljs-base_0g125_run_9	INFO	Train Epoch: 47 [1280/1562 (83%)]	Loss: 0.502543
2021-04-21 15:05:43,470	ljs-base_0g125_run_9	INFO	[0.0811271071434021, 0.42141595482826233, 2248, 0.0006418623720763666]
2021-04-21 15:05:51,258	ljs-base_0g125_run_9	INFO	====> Epoch: 47
2021-04-21 15:06:09,482	ljs-base_0g125_run_9	INFO	====> Epoch: 47
2021-04-21 15:06:09,482	ljs-base_0g125_run_9	INFO	Saving model and optimizer state at iteration 47 to ./logs/ljs-base_0g125_run_9/G_47.pth
2021-04-21 15:06:30,612	ljs-base_0g125_run_9	INFO	Train Epoch: 48 [0/1562 (0%)]	Loss: 0.553997
2021-04-21 15:06:30,613	ljs-base_0g125_run_9	INFO	[0.0815858244895935, 0.4724109172821045, 2256, 0.0006441445493993047]
2021-04-21 15:06:51,389	ljs-base_0g125_run_9	INFO	Train Epoch: 48 [640/1562 (42%)]	Loss: 0.494756
2021-04-21 15:06:51,390	ljs-base_0g125_run_9	INFO	[0.08759450912475586, 0.40716198086738586, 2276, 0.0006498499927066503]
2021-04-21 15:07:11,643	ljs-base_0g125_run_9	INFO	Train Epoch: 48 [1280/1562 (83%)]	Loss: 0.544763
2021-04-21 15:07:11,644	ljs-base_0g125_run_9	INFO	[0.08980065584182739, 0.4549624025821686, 2296, 0.0006555554360139957]
2021-04-21 15:07:19,591	ljs-base_0g125_run_9	INFO	====> Epoch: 48
2021-04-21 15:07:38,241	ljs-base_0g125_run_9	INFO	====> Epoch: 48
2021-04-21 15:07:38,242	ljs-base_0g125_run_9	INFO	Saving model and optimizer state at iteration 48 to ./logs/ljs-base_0g125_run_9/G_48.pth
2021-04-21 15:07:59,749	ljs-base_0g125_run_9	INFO	Train Epoch: 49 [0/1562 (0%)]	Loss: 0.472648
2021-04-21 15:07:59,750	ljs-base_0g125_run_9	INFO	[0.07088989019393921, 0.4017576277256012, 2304, 0.0006578376133369339]
2021-04-21 15:08:20,318	ljs-base_0g125_run_9	INFO	Train Epoch: 49 [640/1562 (42%)]	Loss: 0.494068
2021-04-21 15:08:20,319	ljs-base_0g125_run_9	INFO	[0.08289897441864014, 0.4111689031124115, 2324, 0.0006635430566442793]
2021-04-21 15:08:40,680	ljs-base_0g125_run_9	INFO	Train Epoch: 49 [1280/1562 (83%)]	Loss: 0.526084
2021-04-21 15:08:40,681	ljs-base_0g125_run_9	INFO	[0.0888594388961792, 0.43722429871559143, 2344, 0.0006692484999516249]
2021-04-21 15:08:48,554	ljs-base_0g125_run_9	INFO	====> Epoch: 49
2021-04-21 15:09:07,348	ljs-base_0g125_run_9	INFO	====> Epoch: 49
2021-04-21 15:09:07,349	ljs-base_0g125_run_9	INFO	Saving model and optimizer state at iteration 49 to ./logs/ljs-base_0g125_run_9/G_49.pth
2021-04-21 15:09:28,837	ljs-base_0g125_run_9	INFO	Train Epoch: 50 [0/1562 (0%)]	Loss: 0.457226
2021-04-21 15:09:28,838	ljs-base_0g125_run_9	INFO	[0.075225830078125, 0.3819998800754547, 2352, 0.000671530677274563]
2021-04-21 15:09:49,327	ljs-base_0g125_run_9	INFO	Train Epoch: 50 [640/1562 (42%)]	Loss: 0.470653
2021-04-21 15:09:49,328	ljs-base_0g125_run_9	INFO	[0.08102113008499146, 0.3896315395832062, 2372, 0.0006772361205819085]
2021-04-21 15:10:09,744	ljs-base_0g125_run_9	INFO	Train Epoch: 50 [1280/1562 (83%)]	Loss: 0.478967
2021-04-21 15:10:09,745	ljs-base_0g125_run_9	INFO	[0.08004826307296753, 0.39891907572746277, 2392, 0.0006829415638892539]
2021-04-21 15:10:17,640	ljs-base_0g125_run_9	INFO	====> Epoch: 50
2021-04-21 15:10:36,568	ljs-base_0g125_run_9	INFO	====> Epoch: 50
2021-04-21 15:10:36,569	ljs-base_0g125_run_9	INFO	Saving model and optimizer state at iteration 50 to ./logs/ljs-base_0g125_run_9/G_50.pth
2021-04-21 15:10:58,505	ljs-base_0g125_run_9	INFO	Train Epoch: 51 [0/1562 (0%)]	Loss: 0.464436
2021-04-21 15:10:58,505	ljs-base_0g125_run_9	INFO	[0.05959874391555786, 0.4048367738723755, 2400, 0.0006852237412121922]
2021-04-21 15:11:19,023	ljs-base_0g125_run_9	INFO	Train Epoch: 51 [640/1562 (42%)]	Loss: 0.467664
2021-04-21 15:11:19,024	ljs-base_0g125_run_9	INFO	[0.07705634832382202, 0.39060741662979126, 2420, 0.0006909291845195376]
2021-04-21 15:11:39,420	ljs-base_0g125_run_9	INFO	Train Epoch: 51 [1280/1562 (83%)]	Loss: 0.492187
2021-04-21 15:11:39,421	ljs-base_0g125_run_9	INFO	[0.0788806676864624, 0.4133068025112152, 2440, 0.0006966346278268832]
2021-04-21 15:11:47,124	ljs-base_0g125_run_9	INFO	====> Epoch: 51
2021-04-21 15:12:05,486	ljs-base_0g125_run_9	INFO	====> Epoch: 51
2021-04-21 15:12:05,486	ljs-base_0g125_run_9	INFO	Saving model and optimizer state at iteration 51 to ./logs/ljs-base_0g125_run_9/G_51.pth
2021-04-21 15:12:26,989	ljs-base_0g125_run_9	INFO	Train Epoch: 52 [0/1562 (0%)]	Loss: 0.479486
2021-04-21 15:12:26,990	ljs-base_0g125_run_9	INFO	[0.06806695461273193, 0.41141870617866516, 2448, 0.0006989168051498213]
2021-04-21 15:12:47,082	ljs-base_0g125_run_9	INFO	Train Epoch: 52 [640/1562 (42%)]	Loss: 0.485298
2021-04-21 15:12:47,084	ljs-base_0g125_run_9	INFO	[0.07813066244125366, 0.4071677327156067, 2468, 0.0007046222484571669]
2021-04-21 15:13:07,519	ljs-base_0g125_run_9	INFO	Train Epoch: 52 [1280/1562 (83%)]	Loss: 0.469207
2021-04-21 15:13:07,520	ljs-base_0g125_run_9	INFO	[0.07212132215499878, 0.39708518981933594, 2488, 0.0007103276917645123]
2021-04-21 15:13:15,376	ljs-base_0g125_run_9	INFO	====> Epoch: 52
2021-04-21 15:13:33,671	ljs-base_0g125_run_9	INFO	====> Epoch: 52
2021-04-21 15:13:33,672	ljs-base_0g125_run_9	INFO	Saving model and optimizer state at iteration 52 to ./logs/ljs-base_0g125_run_9/G_52.pth
2021-04-21 15:13:54,841	ljs-base_0g125_run_9	INFO	Train Epoch: 53 [0/1562 (0%)]	Loss: 0.456238
2021-04-21 15:13:54,842	ljs-base_0g125_run_9	INFO	[0.061675071716308594, 0.39456263184547424, 2496, 0.0007126098690874506]
2021-04-21 15:14:15,431	ljs-base_0g125_run_9	INFO	Train Epoch: 53 [640/1562 (42%)]	Loss: 0.468315
2021-04-21 15:14:15,432	ljs-base_0g125_run_9	INFO	[0.06470149755477905, 0.40361371636390686, 2516, 0.000718315312394796]
2021-04-21 15:14:36,340	ljs-base_0g125_run_9	INFO	Train Epoch: 53 [1280/1562 (83%)]	Loss: 0.479120
2021-04-21 15:14:36,342	ljs-base_0g125_run_9	INFO	[0.07566875219345093, 0.403451532125473, 2536, 0.0007240207557021414]
2021-04-21 15:14:44,076	ljs-base_0g125_run_9	INFO	====> Epoch: 53
2021-04-21 15:15:02,608	ljs-base_0g125_run_9	INFO	====> Epoch: 53
2021-04-21 15:15:02,609	ljs-base_0g125_run_9	INFO	Saving model and optimizer state at iteration 53 to ./logs/ljs-base_0g125_run_9/G_53.pth
2021-04-21 15:15:25,085	ljs-base_0g125_run_9	INFO	Train Epoch: 54 [0/1562 (0%)]	Loss: 0.439481
2021-04-21 15:15:25,086	ljs-base_0g125_run_9	INFO	[0.055927157402038574, 0.3835543394088745, 2544, 0.0007263029330250796]
2021-04-21 15:15:45,433	ljs-base_0g125_run_9	INFO	Train Epoch: 54 [640/1562 (42%)]	Loss: 0.443963
2021-04-21 15:15:45,434	ljs-base_0g125_run_9	INFO	[0.06541621685028076, 0.37854674458503723, 2564, 0.0007320083763324252]
2021-04-21 15:16:06,138	ljs-base_0g125_run_9	INFO	Train Epoch: 54 [1280/1562 (83%)]	Loss: 0.460378
2021-04-21 15:16:06,139	ljs-base_0g125_run_9	INFO	[0.06786686182022095, 0.3925110995769501, 2584, 0.0007377138196397706]
2021-04-21 15:16:13,908	ljs-base_0g125_run_9	INFO	====> Epoch: 54
2021-04-21 15:16:33,019	ljs-base_0g125_run_9	INFO	====> Epoch: 54
2021-04-21 15:16:33,020	ljs-base_0g125_run_9	INFO	Saving model and optimizer state at iteration 54 to ./logs/ljs-base_0g125_run_9/G_54.pth
2021-04-21 15:16:55,714	ljs-base_0g125_run_9	INFO	Train Epoch: 55 [0/1562 (0%)]	Loss: 0.452945
2021-04-21 15:16:55,715	ljs-base_0g125_run_9	INFO	[0.057465195655822754, 0.39547958970069885, 2592, 0.0007399959969627088]
2021-04-21 15:17:16,331	ljs-base_0g125_run_9	INFO	Train Epoch: 55 [640/1562 (42%)]	Loss: 0.449823
2021-04-21 15:17:16,333	ljs-base_0g125_run_9	INFO	[0.058398425579071045, 0.39142507314682007, 2612, 0.0007457014402700543]
2021-04-21 15:17:36,826	ljs-base_0g125_run_9	INFO	Train Epoch: 55 [1280/1562 (83%)]	Loss: 0.476789
2021-04-21 15:17:36,827	ljs-base_0g125_run_9	INFO	[0.06928831338882446, 0.407500296831131, 2632, 0.0007514068835773998]
2021-04-21 15:17:44,748	ljs-base_0g125_run_9	INFO	====> Epoch: 55
2021-04-21 15:18:03,473	ljs-base_0g125_run_9	INFO	====> Epoch: 55
2021-04-21 15:18:03,474	ljs-base_0g125_run_9	INFO	Saving model and optimizer state at iteration 55 to ./logs/ljs-base_0g125_run_9/G_55.pth
2021-04-21 15:18:25,133	ljs-base_0g125_run_9	INFO	Train Epoch: 56 [0/1562 (0%)]	Loss: 0.431581
2021-04-21 15:18:25,133	ljs-base_0g125_run_9	INFO	[0.05548393726348877, 0.3760971128940582, 2640, 0.0007536890609003379]
2021-04-21 15:18:45,599	ljs-base_0g125_run_9	INFO	Train Epoch: 56 [640/1562 (42%)]	Loss: 0.466985
2021-04-21 15:18:45,601	ljs-base_0g125_run_9	INFO	[0.0661117434501648, 0.4008733034133911, 2660, 0.0007593945042076834]
2021-04-21 15:19:05,656	ljs-base_0g125_run_9	INFO	Train Epoch: 56 [1280/1562 (83%)]	Loss: 0.473744
2021-04-21 15:19:05,657	ljs-base_0g125_run_9	INFO	[0.0682641863822937, 0.4054798483848572, 2680, 0.000765099947515029]
2021-04-21 15:19:13,556	ljs-base_0g125_run_9	INFO	====> Epoch: 56
2021-04-21 15:19:32,551	ljs-base_0g125_run_9	INFO	====> Epoch: 56
2021-04-21 15:19:32,552	ljs-base_0g125_run_9	INFO	Saving model and optimizer state at iteration 56 to ./logs/ljs-base_0g125_run_9/G_56.pth
2021-04-21 15:19:54,307	ljs-base_0g125_run_9	INFO	Train Epoch: 57 [0/1562 (0%)]	Loss: 0.403491
2021-04-21 15:19:54,308	ljs-base_0g125_run_9	INFO	[0.0455973744392395, 0.35789331793785095, 2688, 0.000767382124837967]
2021-04-21 15:20:14,674	ljs-base_0g125_run_9	INFO	Train Epoch: 57 [640/1562 (42%)]	Loss: 0.429551
2021-04-21 15:20:14,675	ljs-base_0g125_run_9	INFO	[0.05283242464065552, 0.3767182230949402, 2708, 0.0007730875681453126]
2021-04-21 15:20:35,214	ljs-base_0g125_run_9	INFO	Train Epoch: 57 [1280/1562 (83%)]	Loss: 0.445600
2021-04-21 15:20:35,215	ljs-base_0g125_run_9	INFO	[0.057892560958862305, 0.3877069652080536, 2728, 0.000778793011452658]
2021-04-21 15:20:42,929	ljs-base_0g125_run_9	INFO	====> Epoch: 57
2021-04-21 15:21:01,577	ljs-base_0g125_run_9	INFO	====> Epoch: 57
2021-04-21 15:21:01,577	ljs-base_0g125_run_9	INFO	Saving model and optimizer state at iteration 57 to ./logs/ljs-base_0g125_run_9/G_57.pth
2021-04-21 15:21:22,610	ljs-base_0g125_run_9	INFO	Train Epoch: 58 [0/1562 (0%)]	Loss: 0.402327
2021-04-21 15:21:22,611	ljs-base_0g125_run_9	INFO	[0.05127227306365967, 0.35105475783348083, 2736, 0.0007810751887755963]
2021-04-21 15:21:43,172	ljs-base_0g125_run_9	INFO	Train Epoch: 58 [640/1562 (42%)]	Loss: 0.442878
2021-04-21 15:21:43,174	ljs-base_0g125_run_9	INFO	[0.0564117431640625, 0.38646620512008667, 2756, 0.0007867806320829417]
2021-04-21 15:22:03,714	ljs-base_0g125_run_9	INFO	Train Epoch: 58 [1280/1562 (83%)]	Loss: 0.445728
2021-04-21 15:22:03,715	ljs-base_0g125_run_9	INFO	[0.05953323841094971, 0.3861951529979706, 2776, 0.0007924860753902872]
2021-04-21 15:22:11,462	ljs-base_0g125_run_9	INFO	====> Epoch: 58
2021-04-21 15:22:30,335	ljs-base_0g125_run_9	INFO	====> Epoch: 58
2021-04-21 15:22:30,336	ljs-base_0g125_run_9	INFO	Saving model and optimizer state at iteration 58 to ./logs/ljs-base_0g125_run_9/G_58.pth
2021-04-21 15:22:51,755	ljs-base_0g125_run_9	INFO	Train Epoch: 59 [0/1562 (0%)]	Loss: 0.421720
2021-04-21 15:22:51,756	ljs-base_0g125_run_9	INFO	[0.045681893825531006, 0.37603819370269775, 2784, 0.0007947682527132254]
2021-04-21 15:23:12,283	ljs-base_0g125_run_9	INFO	Train Epoch: 59 [640/1562 (42%)]	Loss: 0.399631
2021-04-21 15:23:12,284	ljs-base_0g125_run_9	INFO	[0.05870777368545532, 0.3409229815006256, 2804, 0.0008004736960205709]
2021-04-21 15:23:32,382	ljs-base_0g125_run_9	INFO	Train Epoch: 59 [1280/1562 (83%)]	Loss: 0.440422
2021-04-21 15:23:32,383	ljs-base_0g125_run_9	INFO	[0.050812721252441406, 0.3896093964576721, 2824, 0.0008061791393279164]
2021-04-21 15:23:40,113	ljs-base_0g125_run_9	INFO	====> Epoch: 59
2021-04-21 15:23:58,391	ljs-base_0g125_run_9	INFO	====> Epoch: 59
2021-04-21 15:23:58,392	ljs-base_0g125_run_9	INFO	Saving model and optimizer state at iteration 59 to ./logs/ljs-base_0g125_run_9/G_59.pth
2021-04-21 15:24:19,480	ljs-base_0g125_run_9	INFO	Train Epoch: 60 [0/1562 (0%)]	Loss: 0.429412
2021-04-21 15:24:19,481	ljs-base_0g125_run_9	INFO	[0.036097049713134766, 0.39331504702568054, 2832, 0.0008084613166508546]
2021-04-21 15:24:39,770	ljs-base_0g125_run_9	INFO	Train Epoch: 60 [640/1562 (42%)]	Loss: 0.420725
2021-04-21 15:24:39,771	ljs-base_0g125_run_9	INFO	[0.055768370628356934, 0.3649570643901825, 2852, 0.0008141667599582001]
2021-04-21 15:25:00,495	ljs-base_0g125_run_9	INFO	Train Epoch: 60 [1280/1562 (83%)]	Loss: 0.442203
2021-04-21 15:25:00,496	ljs-base_0g125_run_9	INFO	[0.052702903747558594, 0.3894997239112854, 2872, 0.0008198722032655455]
2021-04-21 15:25:08,259	ljs-base_0g125_run_9	INFO	====> Epoch: 60
2021-04-21 15:25:26,588	ljs-base_0g125_run_9	INFO	====> Epoch: 60
2021-04-21 15:25:26,589	ljs-base_0g125_run_9	INFO	Saving model and optimizer state at iteration 60 to ./logs/ljs-base_0g125_run_9/G_60.pth
2021-04-21 15:25:47,532	ljs-base_0g125_run_9	INFO	Train Epoch: 61 [0/1562 (0%)]	Loss: 0.402001
2021-04-21 15:25:47,533	ljs-base_0g125_run_9	INFO	[0.04613834619522095, 0.35586225986480713, 2880, 0.0008221543805884837]
2021-04-21 15:26:08,275	ljs-base_0g125_run_9	INFO	Train Epoch: 61 [640/1562 (42%)]	Loss: 0.414284
2021-04-21 15:26:08,276	ljs-base_0g125_run_9	INFO	[0.040642499923706055, 0.3736417591571808, 2900, 0.0008278598238958293]
2021-04-21 15:26:28,698	ljs-base_0g125_run_9	INFO	Train Epoch: 61 [1280/1562 (83%)]	Loss: 0.433500
2021-04-21 15:26:28,698	ljs-base_0g125_run_9	INFO	[0.047358930110931396, 0.38614144921302795, 2920, 0.0008335652672031747]
2021-04-21 15:26:36,590	ljs-base_0g125_run_9	INFO	====> Epoch: 61
2021-04-21 15:26:55,420	ljs-base_0g125_run_9	INFO	====> Epoch: 61
2021-04-21 15:26:55,421	ljs-base_0g125_run_9	INFO	Saving model and optimizer state at iteration 61 to ./logs/ljs-base_0g125_run_9/G_61.pth
2021-04-21 15:27:16,700	ljs-base_0g125_run_9	INFO	Train Epoch: 62 [0/1562 (0%)]	Loss: 0.405584
2021-04-21 15:27:16,701	ljs-base_0g125_run_9	INFO	[0.04244053363800049, 0.3631438910961151, 2928, 0.0008358474445261129]
2021-04-21 15:27:37,129	ljs-base_0g125_run_9	INFO	Train Epoch: 62 [640/1562 (42%)]	Loss: 0.394718
2021-04-21 15:27:37,131	ljs-base_0g125_run_9	INFO	[0.04821139574050903, 0.3465062379837036, 2948, 0.0008415528878334583]
2021-04-21 15:27:57,360	ljs-base_0g125_run_9	INFO	Train Epoch: 62 [1280/1562 (83%)]	Loss: 0.437360
2021-04-21 15:27:57,361	ljs-base_0g125_run_9	INFO	[0.057587265968322754, 0.37977251410484314, 2968, 0.0008472583311408038]
2021-04-21 15:28:05,259	ljs-base_0g125_run_9	INFO	====> Epoch: 62
2021-04-21 15:28:23,500	ljs-base_0g125_run_9	INFO	====> Epoch: 62
2021-04-21 15:28:23,500	ljs-base_0g125_run_9	INFO	Saving model and optimizer state at iteration 62 to ./logs/ljs-base_0g125_run_9/G_62.pth
2021-04-21 15:28:44,802	ljs-base_0g125_run_9	INFO	Train Epoch: 63 [0/1562 (0%)]	Loss: 0.392993
2021-04-21 15:28:44,803	ljs-base_0g125_run_9	INFO	[0.03822731971740723, 0.354765385389328, 2976, 0.000849540508463742]
2021-04-21 15:29:05,262	ljs-base_0g125_run_9	INFO	Train Epoch: 63 [640/1562 (42%)]	Loss: 0.411532
2021-04-21 15:29:05,263	ljs-base_0g125_run_9	INFO	[0.044417738914489746, 0.3671143054962158, 2996, 0.0008552459517710874]
2021-04-21 15:29:25,584	ljs-base_0g125_run_9	INFO	Train Epoch: 63 [1280/1562 (83%)]	Loss: 0.417726
2021-04-21 15:29:25,585	ljs-base_0g125_run_9	INFO	[0.04762542247772217, 0.37010103464126587, 3016, 0.0008609513950784331]
2021-04-21 15:29:33,484	ljs-base_0g125_run_9	INFO	====> Epoch: 63
2021-04-21 15:29:52,513	ljs-base_0g125_run_9	INFO	====> Epoch: 63
2021-04-21 15:29:52,513	ljs-base_0g125_run_9	INFO	Saving model and optimizer state at iteration 63 to ./logs/ljs-base_0g125_run_9/G_63.pth
2021-04-21 15:30:13,958	ljs-base_0g125_run_9	INFO	Train Epoch: 64 [0/1562 (0%)]	Loss: 0.398064
2021-04-21 15:30:13,959	ljs-base_0g125_run_9	INFO	[0.03487640619277954, 0.36318784952163696, 3024, 0.0008632335724013712]
2021-04-21 15:30:34,191	ljs-base_0g125_run_9	INFO	Train Epoch: 64 [640/1562 (42%)]	Loss: 0.385153
2021-04-21 15:30:34,193	ljs-base_0g125_run_9	INFO	[0.040752112865448, 0.34440088272094727, 3044, 0.0008689390157087167]
2021-04-21 15:30:54,757	ljs-base_0g125_run_9	INFO	Train Epoch: 64 [1280/1562 (83%)]	Loss: 0.397553
2021-04-21 15:30:54,758	ljs-base_0g125_run_9	INFO	[0.04826664924621582, 0.3492867350578308, 3064, 0.0008746444590160621]
2021-04-21 15:31:02,555	ljs-base_0g125_run_9	INFO	====> Epoch: 64
2021-04-21 15:31:21,498	ljs-base_0g125_run_9	INFO	====> Epoch: 64
2021-04-21 15:31:21,499	ljs-base_0g125_run_9	INFO	Saving model and optimizer state at iteration 64 to ./logs/ljs-base_0g125_run_9/G_64.pth
2021-04-21 15:31:42,916	ljs-base_0g125_run_9	INFO	Train Epoch: 65 [0/1562 (0%)]	Loss: 0.386140
2021-04-21 15:31:42,917	ljs-base_0g125_run_9	INFO	[0.0366053581237793, 0.34953489899635315, 3072, 0.0008769266363390004]
2021-04-21 15:32:03,224	ljs-base_0g125_run_9	INFO	Train Epoch: 65 [640/1562 (42%)]	Loss: 0.390963
2021-04-21 15:32:03,226	ljs-base_0g125_run_9	INFO	[0.029965460300445557, 0.3609972298145294, 3092, 0.0008826320796463458]
2021-04-21 15:32:23,755	ljs-base_0g125_run_9	INFO	Train Epoch: 65 [1280/1562 (83%)]	Loss: 0.431909
2021-04-21 15:32:23,756	ljs-base_0g125_run_9	INFO	[0.04668843746185303, 0.38522088527679443, 3112, 0.0008883375229536913]
2021-04-21 15:32:31,695	ljs-base_0g125_run_9	INFO	====> Epoch: 65
2021-04-21 15:32:49,857	ljs-base_0g125_run_9	INFO	====> Epoch: 65
2021-04-21 15:32:49,858	ljs-base_0g125_run_9	INFO	Saving model and optimizer state at iteration 65 to ./logs/ljs-base_0g125_run_9/G_65.pth
2021-04-21 15:33:11,533	ljs-base_0g125_run_9	INFO	Train Epoch: 66 [0/1562 (0%)]	Loss: 0.366316
2021-04-21 15:33:11,534	ljs-base_0g125_run_9	INFO	[0.02798682451248169, 0.3383288085460663, 3120, 0.0008906197002766295]
2021-04-21 15:33:31,848	ljs-base_0g125_run_9	INFO	Train Epoch: 66 [640/1562 (42%)]	Loss: 0.359734
2021-04-21 15:33:31,849	ljs-base_0g125_run_9	INFO	[0.027106821537017822, 0.33262738585472107, 3140, 0.000896325143583975]
2021-04-21 15:33:52,293	ljs-base_0g125_run_9	INFO	Train Epoch: 66 [1280/1562 (83%)]	Loss: 0.392215
2021-04-21 15:33:52,294	ljs-base_0g125_run_9	INFO	[0.04511868953704834, 0.3470964729785919, 3160, 0.0009020305868913204]
2021-04-21 15:34:00,102	ljs-base_0g125_run_9	INFO	====> Epoch: 66
2021-04-21 15:34:18,717	ljs-base_0g125_run_9	INFO	====> Epoch: 66
2021-04-21 15:34:18,717	ljs-base_0g125_run_9	INFO	Saving model and optimizer state at iteration 66 to ./logs/ljs-base_0g125_run_9/G_66.pth
2021-04-21 15:34:40,169	ljs-base_0g125_run_9	INFO	Train Epoch: 67 [0/1562 (0%)]	Loss: 0.395100
2021-04-21 15:34:40,169	ljs-base_0g125_run_9	INFO	[0.02995067834854126, 0.36514946818351746, 3168, 0.0009043127642142587]
2021-04-21 15:35:00,660	ljs-base_0g125_run_9	INFO	Train Epoch: 67 [640/1562 (42%)]	Loss: 0.367506
2021-04-21 15:35:00,661	ljs-base_0g125_run_9	INFO	[0.02595198154449463, 0.3415537178516388, 3188, 0.0009100182075216041]
2021-04-21 15:35:21,179	ljs-base_0g125_run_9	INFO	Train Epoch: 67 [1280/1562 (83%)]	Loss: 0.395238
2021-04-21 15:35:21,180	ljs-base_0g125_run_9	INFO	[0.038617610931396484, 0.3566201627254486, 3208, 0.0009157236508289496]
2021-04-21 15:35:28,999	ljs-base_0g125_run_9	INFO	====> Epoch: 67
2021-04-21 15:35:47,727	ljs-base_0g125_run_9	INFO	====> Epoch: 67
2021-04-21 15:35:47,727	ljs-base_0g125_run_9	INFO	Saving model and optimizer state at iteration 67 to ./logs/ljs-base_0g125_run_9/G_67.pth
2021-04-21 15:36:08,991	ljs-base_0g125_run_9	INFO	Train Epoch: 68 [0/1562 (0%)]	Loss: 0.383719
2021-04-21 15:36:08,991	ljs-base_0g125_run_9	INFO	[0.023212730884552002, 0.3605062961578369, 3216, 0.0009180058281518877]
2021-04-21 15:36:29,304	ljs-base_0g125_run_9	INFO	Train Epoch: 68 [640/1562 (42%)]	Loss: 0.388722
2021-04-21 15:36:29,305	ljs-base_0g125_run_9	INFO	[0.03503572940826416, 0.35368648171424866, 3236, 0.0009237112714592334]
2021-04-21 15:36:49,619	ljs-base_0g125_run_9	INFO	Train Epoch: 68 [1280/1562 (83%)]	Loss: 0.407957
2021-04-21 15:36:49,620	ljs-base_0g125_run_9	INFO	[0.03581613302230835, 0.3721408247947693, 3256, 0.0009294167147665788]
2021-04-21 15:36:57,642	ljs-base_0g125_run_9	INFO	====> Epoch: 68
2021-04-21 15:37:16,306	ljs-base_0g125_run_9	INFO	====> Epoch: 68
2021-04-21 15:37:16,307	ljs-base_0g125_run_9	INFO	Saving model and optimizer state at iteration 68 to ./logs/ljs-base_0g125_run_9/G_68.pth
2021-04-21 15:37:37,892	ljs-base_0g125_run_9	INFO	Train Epoch: 69 [0/1562 (0%)]	Loss: 0.355338
2021-04-21 15:37:37,892	ljs-base_0g125_run_9	INFO	[0.020905792713165283, 0.3344322741031647, 3264, 0.000931698892089517]
2021-04-21 15:37:58,316	ljs-base_0g125_run_9	INFO	Train Epoch: 69 [640/1562 (42%)]	Loss: 0.385990
2021-04-21 15:37:58,317	ljs-base_0g125_run_9	INFO	[0.03032851219177246, 0.35566195845603943, 3284, 0.0009374043353968624]
2021-04-21 15:38:18,758	ljs-base_0g125_run_9	INFO	Train Epoch: 69 [1280/1562 (83%)]	Loss: 0.392644
2021-04-21 15:38:18,760	ljs-base_0g125_run_9	INFO	[0.03599756956100464, 0.3566465377807617, 3304, 0.0009431097787042079]
2021-04-21 15:38:26,546	ljs-base_0g125_run_9	INFO	====> Epoch: 69
2021-04-21 15:38:45,272	ljs-base_0g125_run_9	INFO	====> Epoch: 69
2021-04-21 15:38:45,273	ljs-base_0g125_run_9	INFO	Saving model and optimizer state at iteration 69 to ./logs/ljs-base_0g125_run_9/G_69.pth
2021-04-21 15:39:06,768	ljs-base_0g125_run_9	INFO	Train Epoch: 70 [0/1562 (0%)]	Loss: 0.351038
2021-04-21 15:39:06,768	ljs-base_0g125_run_9	INFO	[0.01807689666748047, 0.33296138048171997, 3312, 0.0009453919560271461]
2021-04-21 15:39:27,488	ljs-base_0g125_run_9	INFO	Train Epoch: 70 [640/1562 (42%)]	Loss: 0.340363
2021-04-21 15:39:27,489	ljs-base_0g125_run_9	INFO	[0.022470593452453613, 0.3178921639919281, 3332, 0.0009510973993344915]
2021-04-21 15:39:47,852	ljs-base_0g125_run_9	INFO	Train Epoch: 70 [1280/1562 (83%)]	Loss: 0.368690
2021-04-21 15:39:47,853	ljs-base_0g125_run_9	INFO	[0.03303462266921997, 0.3356555700302124, 3352, 0.000956802842641837]
2021-04-21 15:39:55,653	ljs-base_0g125_run_9	INFO	====> Epoch: 70
2021-04-21 15:40:14,444	ljs-base_0g125_run_9	INFO	====> Epoch: 70
2021-04-21 15:40:14,445	ljs-base_0g125_run_9	INFO	Saving model and optimizer state at iteration 70 to ./logs/ljs-base_0g125_run_9/G_70.pth
2021-04-21 15:40:35,760	ljs-base_0g125_run_9	INFO	Train Epoch: 71 [0/1562 (0%)]	Loss: 0.348497
2021-04-21 15:40:35,761	ljs-base_0g125_run_9	INFO	[0.013182282447814941, 0.3353147804737091, 3360, 0.0009590850199647753]
2021-04-21 15:40:56,325	ljs-base_0g125_run_9	INFO	Train Epoch: 71 [640/1562 (42%)]	Loss: 0.359263
2021-04-21 15:40:56,326	ljs-base_0g125_run_9	INFO	[0.023751378059387207, 0.335511177778244, 3380, 0.0009647904632721207]
2021-04-21 15:41:16,456	ljs-base_0g125_run_9	INFO	Train Epoch: 71 [1280/1562 (83%)]	Loss: 0.374948
2021-04-21 15:41:16,457	ljs-base_0g125_run_9	INFO	[0.028230369091033936, 0.34671786427497864, 3400, 0.0009704959065794662]
2021-04-21 15:41:24,339	ljs-base_0g125_run_9	INFO	====> Epoch: 71
2021-04-21 15:41:43,404	ljs-base_0g125_run_9	INFO	====> Epoch: 71
2021-04-21 15:41:43,405	ljs-base_0g125_run_9	INFO	Saving model and optimizer state at iteration 71 to ./logs/ljs-base_0g125_run_9/G_71.pth
2021-04-21 15:42:04,668	ljs-base_0g125_run_9	INFO	Train Epoch: 72 [0/1562 (0%)]	Loss: 0.338445
2021-04-21 15:42:04,669	ljs-base_0g125_run_9	INFO	[0.010096132755279541, 0.3283493220806122, 3408, 0.0009727780839024044]
2021-04-21 15:42:25,220	ljs-base_0g125_run_9	INFO	Train Epoch: 72 [640/1562 (42%)]	Loss: 0.355548
2021-04-21 15:42:25,222	ljs-base_0g125_run_9	INFO	[0.022348999977111816, 0.33319905400276184, 3428, 0.0009784835272097499]
2021-04-21 15:42:45,594	ljs-base_0g125_run_9	INFO	Train Epoch: 72 [1280/1562 (83%)]	Loss: 0.364019
2021-04-21 15:42:45,595	ljs-base_0g125_run_9	INFO	[0.024663329124450684, 0.33935603499412537, 3448, 0.0009841889705170955]
2021-04-21 15:42:53,292	ljs-base_0g125_run_9	INFO	====> Epoch: 72
2021-04-21 15:43:12,469	ljs-base_0g125_run_9	INFO	====> Epoch: 72
2021-04-21 15:43:12,470	ljs-base_0g125_run_9	INFO	Saving model and optimizer state at iteration 72 to ./logs/ljs-base_0g125_run_9/G_72.pth
2021-04-21 15:43:33,741	ljs-base_0g125_run_9	INFO	Train Epoch: 73 [0/1562 (0%)]	Loss: 0.316741
2021-04-21 15:43:33,742	ljs-base_0g125_run_9	INFO	[0.018800854682922363, 0.29794058203697205, 3456, 0.0009864711478400335]
2021-04-21 15:43:54,102	ljs-base_0g125_run_9	INFO	Train Epoch: 73 [640/1562 (42%)]	Loss: 0.362133
2021-04-21 15:43:54,103	ljs-base_0g125_run_9	INFO	[0.020587027072906494, 0.34154632687568665, 3476, 0.000992176591147379]
2021-04-21 15:44:14,716	ljs-base_0g125_run_9	INFO	Train Epoch: 73 [1280/1562 (83%)]	Loss: 0.370419
2021-04-21 15:44:14,717	ljs-base_0g125_run_9	INFO	[0.02899003028869629, 0.3414289951324463, 3496, 0.0009978820344547245]
2021-04-21 15:44:22,551	ljs-base_0g125_run_9	INFO	====> Epoch: 73
2021-04-21 15:44:41,388	ljs-base_0g125_run_9	INFO	====> Epoch: 73
2021-04-21 15:44:41,389	ljs-base_0g125_run_9	INFO	Saving model and optimizer state at iteration 73 to ./logs/ljs-base_0g125_run_9/G_73.pth
2021-04-21 15:45:02,758	ljs-base_0g125_run_9	INFO	Train Epoch: 74 [0/1562 (0%)]	Loss: 0.335946
2021-04-21 15:45:02,759	ljs-base_0g125_run_9	INFO	[0.014775753021240234, 0.3211703896522522, 3504, 0.0010001642117776627]
2021-04-21 15:45:23,380	ljs-base_0g125_run_9	INFO	Train Epoch: 74 [640/1562 (42%)]	Loss: 0.357535
2021-04-21 15:45:23,381	ljs-base_0g125_run_9	INFO	[0.017099380493164062, 0.34043604135513306, 3524, 0.001005869655085008]
2021-04-21 15:45:43,799	ljs-base_0g125_run_9	INFO	Train Epoch: 74 [1280/1562 (83%)]	Loss: 0.343205
2021-04-21 15:45:43,800	ljs-base_0g125_run_9	INFO	[0.02255702018737793, 0.32064756751060486, 3544, 0.0010115750983923535]
2021-04-21 15:45:51,761	ljs-base_0g125_run_9	INFO	====> Epoch: 74
2021-04-21 15:46:10,770	ljs-base_0g125_run_9	INFO	====> Epoch: 74
2021-04-21 15:46:10,770	ljs-base_0g125_run_9	INFO	Saving model and optimizer state at iteration 74 to ./logs/ljs-base_0g125_run_9/G_74.pth
2021-04-21 15:46:32,651	ljs-base_0g125_run_9	INFO	Train Epoch: 75 [0/1562 (0%)]	Loss: 0.333110
2021-04-21 15:46:32,652	ljs-base_0g125_run_9	INFO	[0.012288928031921387, 0.3208205997943878, 3552, 0.001013857275715292]
2021-04-21 15:46:53,004	ljs-base_0g125_run_9	INFO	Train Epoch: 75 [640/1562 (42%)]	Loss: 0.352027
2021-04-21 15:46:53,005	ljs-base_0g125_run_9	INFO	[0.008893489837646484, 0.3431333005428314, 3572, 0.0010195627190226373]
2021-04-21 15:47:13,499	ljs-base_0g125_run_9	INFO	Train Epoch: 75 [1280/1562 (83%)]	Loss: 0.362146
2021-04-21 15:47:13,500	ljs-base_0g125_run_9	INFO	[0.017311513423919678, 0.3448346257209778, 3592, 0.0010252681623299828]
2021-04-21 15:47:21,484	ljs-base_0g125_run_9	INFO	====> Epoch: 75
2021-04-21 15:47:40,411	ljs-base_0g125_run_9	INFO	====> Epoch: 75
2021-04-21 15:47:40,412	ljs-base_0g125_run_9	INFO	Saving model and optimizer state at iteration 75 to ./logs/ljs-base_0g125_run_9/G_75.pth
2021-04-21 15:48:01,849	ljs-base_0g125_run_9	INFO	Train Epoch: 76 [0/1562 (0%)]	Loss: 0.335922
2021-04-21 15:48:01,850	ljs-base_0g125_run_9	INFO	[0.008285105228424072, 0.3276371955871582, 3600, 0.0010275503396529211]
2021-04-21 15:48:22,148	ljs-base_0g125_run_9	INFO	Train Epoch: 76 [640/1562 (42%)]	Loss: 0.321596
2021-04-21 15:48:22,149	ljs-base_0g125_run_9	INFO	[0.012517392635345459, 0.3090786337852478, 3620, 0.0010332557829602666]
2021-04-21 15:48:42,394	ljs-base_0g125_run_9	INFO	Train Epoch: 76 [1280/1562 (83%)]	Loss: 0.366281
2021-04-21 15:48:42,395	ljs-base_0g125_run_9	INFO	[0.019022822380065918, 0.34725841879844666, 3640, 0.001038961226267612]
2021-04-21 15:48:50,385	ljs-base_0g125_run_9	INFO	====> Epoch: 76
2021-04-21 15:49:09,394	ljs-base_0g125_run_9	INFO	====> Epoch: 76
2021-04-21 15:49:09,394	ljs-base_0g125_run_9	INFO	Saving model and optimizer state at iteration 76 to ./logs/ljs-base_0g125_run_9/G_76.pth
2021-04-21 15:49:30,942	ljs-base_0g125_run_9	INFO	Train Epoch: 77 [0/1562 (0%)]	Loss: 0.310973
2021-04-21 15:49:30,943	ljs-base_0g125_run_9	INFO	[0.0051444172859191895, 0.3058282434940338, 3648, 0.0010412434035905502]
2021-04-21 15:49:51,334	ljs-base_0g125_run_9	INFO	Train Epoch: 77 [640/1562 (42%)]	Loss: 0.334074
2021-04-21 15:49:51,335	ljs-base_0g125_run_9	INFO	[0.016825973987579346, 0.3172481954097748, 3668, 0.0010469488468978956]
2021-04-21 15:50:11,913	ljs-base_0g125_run_9	INFO	Train Epoch: 77 [1280/1562 (83%)]	Loss: 0.399981
2021-04-21 15:50:11,914	ljs-base_0g125_run_9	INFO	[0.019807636737823486, 0.38017359375953674, 3688, 0.0010526542902052412]
2021-04-21 15:50:19,829	ljs-base_0g125_run_9	INFO	====> Epoch: 77
2021-04-21 15:50:38,384	ljs-base_0g125_run_9	INFO	====> Epoch: 77
2021-04-21 15:50:38,384	ljs-base_0g125_run_9	INFO	Saving model and optimizer state at iteration 77 to ./logs/ljs-base_0g125_run_9/G_77.pth
2021-04-21 15:50:59,587	ljs-base_0g125_run_9	INFO	Train Epoch: 78 [0/1562 (0%)]	Loss: 0.311665
2021-04-21 15:50:59,588	ljs-base_0g125_run_9	INFO	[-0.00232851505279541, 0.3139934241771698, 3696, 0.0010549364675281794]
2021-04-21 15:51:20,207	ljs-base_0g125_run_9	INFO	Train Epoch: 78 [640/1562 (42%)]	Loss: 0.323530
2021-04-21 15:51:20,208	ljs-base_0g125_run_9	INFO	[0.008137941360473633, 0.3153921663761139, 3716, 0.0010606419108355248]
2021-04-21 15:51:40,579	ljs-base_0g125_run_9	INFO	Train Epoch: 78 [1280/1562 (83%)]	Loss: 0.375382
2021-04-21 15:51:40,580	ljs-base_0g125_run_9	INFO	[0.02575618028640747, 0.34962570667266846, 3736, 0.0010663473541428702]
2021-04-21 15:51:48,618	ljs-base_0g125_run_9	INFO	====> Epoch: 78
2021-04-21 15:52:07,314	ljs-base_0g125_run_9	INFO	====> Epoch: 78
2021-04-21 15:52:07,314	ljs-base_0g125_run_9	INFO	Saving model and optimizer state at iteration 78 to ./logs/ljs-base_0g125_run_9/G_78.pth
2021-04-21 15:52:28,575	ljs-base_0g125_run_9	INFO	Train Epoch: 79 [0/1562 (0%)]	Loss: 0.320542
2021-04-21 15:52:28,575	ljs-base_0g125_run_9	INFO	[6.639957427978516e-05, 0.32047542929649353, 3744, 0.0010686295314658084]
2021-04-21 15:52:48,989	ljs-base_0g125_run_9	INFO	Train Epoch: 79 [640/1562 (42%)]	Loss: 0.355837
2021-04-21 15:52:48,990	ljs-base_0g125_run_9	INFO	[0.01373511552810669, 0.34210172295570374, 3764, 0.0010743349747731538]
2021-04-21 15:53:09,389	ljs-base_0g125_run_9	INFO	Train Epoch: 79 [1280/1562 (83%)]	Loss: 0.356443
2021-04-21 15:53:09,390	ljs-base_0g125_run_9	INFO	[0.007623851299285889, 0.3488192856311798, 3784, 0.0010800404180804995]
2021-04-21 15:53:16,971	ljs-base_0g125_run_9	INFO	====> Epoch: 79
2021-04-21 15:53:35,414	ljs-base_0g125_run_9	INFO	====> Epoch: 79
2021-04-21 15:53:35,414	ljs-base_0g125_run_9	INFO	Saving model and optimizer state at iteration 79 to ./logs/ljs-base_0g125_run_9/G_79.pth
2021-04-21 15:53:56,714	ljs-base_0g125_run_9	INFO	Train Epoch: 80 [0/1562 (0%)]	Loss: 0.320798
2021-04-21 15:53:56,714	ljs-base_0g125_run_9	INFO	[-0.002991914749145508, 0.3237898647785187, 3792, 0.0010823225954034376]
2021-04-21 15:54:17,193	ljs-base_0g125_run_9	INFO	Train Epoch: 80 [640/1562 (42%)]	Loss: 0.351167
2021-04-21 15:54:17,194	ljs-base_0g125_run_9	INFO	[0.01956653594970703, 0.33160069584846497, 3812, 0.001088028038710783]
2021-04-21 15:54:37,787	ljs-base_0g125_run_9	INFO	Train Epoch: 80 [1280/1562 (83%)]	Loss: 0.326449
2021-04-21 15:54:37,788	ljs-base_0g125_run_9	INFO	[0.0066252946853637695, 0.3198234736919403, 3832, 0.0010937334820181285]
2021-04-21 15:54:45,742	ljs-base_0g125_run_9	INFO	====> Epoch: 80
2021-04-21 15:55:04,447	ljs-base_0g125_run_9	INFO	====> Epoch: 80
2021-04-21 15:55:04,447	ljs-base_0g125_run_9	INFO	Saving model and optimizer state at iteration 80 to ./logs/ljs-base_0g125_run_9/G_80.pth
2021-04-21 15:55:25,843	ljs-base_0g125_run_9	INFO	Train Epoch: 81 [0/1562 (0%)]	Loss: 0.319059
2021-04-21 15:55:25,844	ljs-base_0g125_run_9	INFO	[-0.0077779293060302734, 0.32683664560317993, 3840, 0.0010960156593410669]
2021-04-21 15:55:46,404	ljs-base_0g125_run_9	INFO	Train Epoch: 81 [640/1562 (42%)]	Loss: 0.327098
2021-04-21 15:55:46,405	ljs-base_0g125_run_9	INFO	[0.004778563976287842, 0.3223190903663635, 3860, 0.0011017211026484123]
2021-04-21 15:56:07,001	ljs-base_0g125_run_9	INFO	Train Epoch: 81 [1280/1562 (83%)]	Loss: 0.348509
2021-04-21 15:56:07,002	ljs-base_0g125_run_9	INFO	[0.016246140003204346, 0.3322630524635315, 3880, 0.0011074265459557577]
2021-04-21 15:56:14,830	ljs-base_0g125_run_9	INFO	====> Epoch: 81
2021-04-21 15:56:33,370	ljs-base_0g125_run_9	INFO	====> Epoch: 81
2021-04-21 15:56:33,371	ljs-base_0g125_run_9	INFO	Saving model and optimizer state at iteration 81 to ./logs/ljs-base_0g125_run_9/G_81.pth
2021-04-21 15:56:55,148	ljs-base_0g125_run_9	INFO	Train Epoch: 82 [0/1562 (0%)]	Loss: 0.311152
2021-04-21 15:56:55,149	ljs-base_0g125_run_9	INFO	[-0.0041945576667785645, 0.3153460621833801, 3888, 0.0011097087232786959]
2021-04-21 15:57:15,325	ljs-base_0g125_run_9	INFO	Train Epoch: 82 [640/1562 (42%)]	Loss: 0.334351
2021-04-21 15:57:15,327	ljs-base_0g125_run_9	INFO	[0.006061077117919922, 0.3282901644706726, 3908, 0.0011154141665860415]
2021-04-21 15:57:36,043	ljs-base_0g125_run_9	INFO	Train Epoch: 82 [1280/1562 (83%)]	Loss: 0.325683
2021-04-21 15:57:36,044	ljs-base_0g125_run_9	INFO	[0.016301095485687256, 0.30938148498535156, 3928, 0.001121119609893387]
2021-04-21 15:57:43,663	ljs-base_0g125_run_9	INFO	====> Epoch: 82
2021-04-21 15:58:02,595	ljs-base_0g125_run_9	INFO	====> Epoch: 82
2021-04-21 15:58:02,595	ljs-base_0g125_run_9	INFO	Saving model and optimizer state at iteration 82 to ./logs/ljs-base_0g125_run_9/G_82.pth
2021-04-21 15:58:24,258	ljs-base_0g125_run_9	INFO	Train Epoch: 83 [0/1562 (0%)]	Loss: 0.295030
2021-04-21 15:58:24,259	ljs-base_0g125_run_9	INFO	[-0.008626997470855713, 0.30365699529647827, 3936, 0.0011234017872163251]
2021-04-21 15:58:44,565	ljs-base_0g125_run_9	INFO	Train Epoch: 83 [640/1562 (42%)]	Loss: 0.343124
2021-04-21 15:58:44,567	ljs-base_0g125_run_9	INFO	[0.005986809730529785, 0.33713671565055847, 3956, 0.0011291072305236705]
2021-04-21 15:59:05,243	ljs-base_0g125_run_9	INFO	Train Epoch: 83 [1280/1562 (83%)]	Loss: 0.304819
2021-04-21 15:59:05,244	ljs-base_0g125_run_9	INFO	[-0.004398524761199951, 0.3092172145843506, 3976, 0.001134812673831016]
2021-04-21 15:59:13,051	ljs-base_0g125_run_9	INFO	====> Epoch: 83
2021-04-21 15:59:31,910	ljs-base_0g125_run_9	INFO	====> Epoch: 83
2021-04-21 15:59:31,911	ljs-base_0g125_run_9	INFO	Saving model and optimizer state at iteration 83 to ./logs/ljs-base_0g125_run_9/G_83.pth
2021-04-21 15:59:53,680	ljs-base_0g125_run_9	INFO	Train Epoch: 84 [0/1562 (0%)]	Loss: 0.286284
2021-04-21 15:59:53,680	ljs-base_0g125_run_9	INFO	[-0.006968498229980469, 0.2932526469230652, 3984, 0.0011370948511539541]
2021-04-21 16:00:14,145	ljs-base_0g125_run_9	INFO	Train Epoch: 84 [640/1562 (42%)]	Loss: 0.307984
2021-04-21 16:00:14,146	ljs-base_0g125_run_9	INFO	[0.003714263439178467, 0.30427005887031555, 4004, 0.0011402338065646378]
2021-04-21 16:00:34,518	ljs-base_0g125_run_9	INFO	Train Epoch: 84 [1280/1562 (83%)]	Loss: 0.338134
2021-04-21 16:00:34,519	ljs-base_0g125_run_9	INFO	[0.012911379337310791, 0.3252229690551758, 4024, 0.001137398105067946]
2021-04-21 16:00:42,383	ljs-base_0g125_run_9	INFO	====> Epoch: 84
2021-04-21 16:01:01,338	ljs-base_0g125_run_9	INFO	====> Epoch: 84
2021-04-21 16:01:01,338	ljs-base_0g125_run_9	INFO	Saving model and optimizer state at iteration 84 to ./logs/ljs-base_0g125_run_9/G_84.pth
2021-04-21 16:01:22,577	ljs-base_0g125_run_9	INFO	Train Epoch: 85 [0/1562 (0%)]	Loss: 0.293435
2021-04-21 16:01:22,578	ljs-base_0g125_run_9	INFO	[-0.01751619577407837, 0.3109513819217682, 4032, 0.001136269733654195]
2021-04-21 16:01:43,189	ljs-base_0g125_run_9	INFO	Train Epoch: 85 [640/1562 (42%)]	Loss: 0.323074
2021-04-21 16:01:43,190	ljs-base_0g125_run_9	INFO	[-0.002865910530090332, 0.3259402811527252, 4052, 0.001133463432176023]
2021-04-21 16:02:03,562	ljs-base_0g125_run_9	INFO	Train Epoch: 85 [1280/1562 (83%)]	Loss: 0.320723
2021-04-21 16:02:03,563	ljs-base_0g125_run_9	INFO	[0.0031345486640930176, 0.31758877635002136, 4072, 0.001130677821102619]
2021-04-21 16:02:11,510	ljs-base_0g125_run_9	INFO	====> Epoch: 85
2021-04-21 16:02:30,274	ljs-base_0g125_run_9	INFO	====> Epoch: 85
2021-04-21 16:02:30,274	ljs-base_0g125_run_9	INFO	Saving model and optimizer state at iteration 85 to ./logs/ljs-base_0g125_run_9/G_85.pth
2021-04-21 16:02:51,751	ljs-base_0g125_run_9	INFO	Train Epoch: 86 [0/1562 (0%)]	Loss: 0.277782
2021-04-21 16:02:51,752	ljs-base_0g125_run_9	INFO	[-0.018458306789398193, 0.2962407171726227, 4080, 0.0011295693131683749]
2021-04-21 16:03:12,247	ljs-base_0g125_run_9	INFO	Train Epoch: 86 [640/1562 (42%)]	Loss: 0.317305
2021-04-21 16:03:12,249	ljs-base_0g125_run_9	INFO	[0.003009617328643799, 0.3142952620983124, 4100, 0.0011268122445874692]
2021-04-21 16:03:32,511	ljs-base_0g125_run_9	INFO	Train Epoch: 86 [1280/1562 (83%)]	Loss: 0.321096
2021-04-21 16:03:32,512	ljs-base_0g125_run_9	INFO	[-0.0014929771423339844, 0.322588711977005, 4120, 0.001124075266427137]
2021-04-21 16:03:40,378	ljs-base_0g125_run_9	INFO	====> Epoch: 86
2021-04-21 16:03:58,552	ljs-base_0g125_run_9	INFO	====> Epoch: 86
2021-04-21 16:03:58,553	ljs-base_0g125_run_9	INFO	Saving model and optimizer state at iteration 86 to ./logs/ljs-base_0g125_run_9/G_86.pth
2021-04-21 16:04:19,563	ljs-base_0g125_run_9	INFO	Train Epoch: 87 [0/1562 (0%)]	Loss: 0.298811
2021-04-21 16:04:19,564	ljs-base_0g125_run_9	INFO	[-0.011126577854156494, 0.30993714928627014, 4128, 0.0011229860459519272]
2021-04-21 16:04:40,140	ljs-base_0g125_run_9	INFO	Train Epoch: 87 [640/1562 (42%)]	Loss: 0.324880
2021-04-21 16:04:40,141	ljs-base_0g125_run_9	INFO	[0.0008093118667602539, 0.3240709900856018, 4148, 0.001120276787370552]
2021-04-21 16:05:00,508	ljs-base_0g125_run_9	INFO	Train Epoch: 87 [1280/1562 (83%)]	Loss: 0.318555
2021-04-21 16:05:00,509	ljs-base_0g125_run_9	INFO	[0.004118084907531738, 0.3144368529319763, 4168, 0.0011175870433037917]
2021-04-21 16:05:08,319	ljs-base_0g125_run_9	INFO	====> Epoch: 87
2021-04-21 16:05:28,132	ljs-base_0g125_run_9	INFO	====> Epoch: 87
2021-04-21 16:05:28,132	ljs-base_0g125_run_9	INFO	Saving model and optimizer state at iteration 87 to ./logs/ljs-base_0g125_run_9/G_87.pth
2021-04-21 16:05:50,162	ljs-base_0g125_run_9	INFO	Train Epoch: 88 [0/1562 (0%)]	Loss: 0.290626
2021-04-21 16:05:50,163	ljs-base_0g125_run_9	INFO	[-0.01634889841079712, 0.3069745898246765, 4176, 0.001116516557384473]
2021-04-21 16:06:10,640	ljs-base_0g125_run_9	INFO	Train Epoch: 88 [640/1562 (42%)]	Loss: 0.312150
2021-04-21 16:06:10,641	ljs-base_0g125_run_9	INFO	[-0.015510857105255127, 0.32766130566596985, 4196, 0.0011138537428198724]
2021-04-21 16:06:31,470	ljs-base_0g125_run_9	INFO	Train Epoch: 88 [1280/1562 (83%)]	Loss: 0.304424
2021-04-21 16:06:31,472	ljs-base_0g125_run_9	INFO	[-0.005418002605438232, 0.3098422586917877, 4216, 0.0011112098897138852]
2021-04-21 16:06:39,190	ljs-base_0g125_run_9	INFO	====> Epoch: 88
2021-04-21 16:06:58,335	ljs-base_0g125_run_9	INFO	====> Epoch: 88
2021-04-21 16:06:58,335	ljs-base_0g125_run_9	INFO	Saving model and optimizer state at iteration 88 to ./logs/ljs-base_0g125_run_9/G_88.pth
2021-04-21 16:07:19,939	ljs-base_0g125_run_9	INFO	Train Epoch: 89 [0/1562 (0%)]	Loss: 0.302983
2021-04-21 16:07:19,939	ljs-base_0g125_run_9	INFO	[-0.017934441566467285, 0.3209172785282135, 4224, 0.0011101576073853324]
2021-04-21 16:07:40,241	ljs-base_0g125_run_9	INFO	Train Epoch: 89 [640/1562 (42%)]	Loss: 0.307190
2021-04-21 16:07:40,242	ljs-base_0g125_run_9	INFO	[-0.008400201797485352, 0.31559038162231445, 4244, 0.0011075399248758068]
2021-04-21 16:08:00,475	ljs-base_0g125_run_9	INFO	Train Epoch: 89 [1280/1562 (83%)]	Loss: 0.315838
2021-04-21 16:08:00,476	ljs-base_0g125_run_9	INFO	[-0.015345275402069092, 0.33118337392807007, 4264, 0.0011049406724662916]
2021-04-21 16:08:08,265	ljs-base_0g125_run_9	INFO	====> Epoch: 89
2021-04-21 16:08:27,011	ljs-base_0g125_run_9	INFO	====> Epoch: 89
2021-04-21 16:08:27,012	ljs-base_0g125_run_9	INFO	Saving model and optimizer state at iteration 89 to ./logs/ljs-base_0g125_run_9/G_89.pth
2021-04-21 16:08:48,747	ljs-base_0g125_run_9	INFO	Train Epoch: 90 [0/1562 (0%)]	Loss: 0.279119
2021-04-21 16:08:48,748	ljs-base_0g125_run_9	INFO	[-0.02375262975692749, 0.30287155508995056, 4272, 0.0011039060835947945]
2021-04-21 16:09:09,180	ljs-base_0g125_run_9	INFO	Train Epoch: 90 [640/1562 (42%)]	Loss: 0.274097
2021-04-21 16:09:09,181	ljs-base_0g125_run_9	INFO	[-0.019066810607910156, 0.29316389560699463, 4292, 0.0011013322724836092]
2021-04-21 16:09:29,758	ljs-base_0g125_run_9	INFO	Train Epoch: 90 [1280/1562 (83%)]	Loss: 0.298273
2021-04-21 16:09:29,759	ljs-base_0g125_run_9	INFO	[-0.007283210754394531, 0.30555644631385803, 4312, 0.0010987763807289372]
2021-04-21 16:09:37,652	ljs-base_0g125_run_9	INFO	====> Epoch: 90
2021-04-21 16:09:56,247	ljs-base_0g125_run_9	INFO	====> Epoch: 90
2021-04-21 16:09:56,248	ljs-base_0g125_run_9	INFO	Saving model and optimizer state at iteration 90 to ./logs/ljs-base_0g125_run_9/G_90.pth
2021-04-21 16:10:17,749	ljs-base_0g125_run_9	INFO	Train Epoch: 91 [0/1562 (0%)]	Loss: 0.285892
2021-04-21 16:10:17,750	ljs-base_0g125_run_9	INFO	[-0.01934570074081421, 0.30523738265037537, 4320, 0.001097758994973063]
2021-04-21 16:10:38,240	ljs-base_0g125_run_9	INFO	Train Epoch: 91 [640/1562 (42%)]	Loss: 0.325573
2021-04-21 16:10:38,241	ljs-base_0g125_run_9	INFO	[-0.013270676136016846, 0.3388437330722809, 4340, 0.0010952278433574204]
2021-04-21 16:10:58,426	ljs-base_0g125_run_9	INFO	Train Epoch: 91 [1280/1562 (83%)]	Loss: 0.313391
2021-04-21 16:10:58,427	ljs-base_0g125_run_9	INFO	[-0.010499954223632812, 0.32389143109321594, 4360, 0.0010927141199528667]
2021-04-21 16:11:06,228	ljs-base_0g125_run_9	INFO	====> Epoch: 91
2021-04-21 16:11:25,155	ljs-base_0g125_run_9	INFO	====> Epoch: 91
2021-04-21 16:11:25,156	ljs-base_0g125_run_9	INFO	Saving model and optimizer state at iteration 91 to ./logs/ljs-base_0g125_run_9/G_91.pth
2021-04-21 16:11:46,617	ljs-base_0g125_run_9	INFO	Train Epoch: 92 [0/1562 (0%)]	Loss: 0.282995
2021-04-21 16:11:46,618	ljs-base_0g125_run_9	INFO	[-0.029814183712005615, 0.3128094971179962, 4368, 0.0010917134657869828]
2021-04-21 16:12:07,168	ljs-base_0g125_run_9	INFO	Train Epoch: 92 [640/1562 (42%)]	Loss: 0.269692
2021-04-21 16:12:07,169	ljs-base_0g125_run_9	INFO	[-0.02221071720123291, 0.2919028401374817, 4388, 0.001089223808120332]
2021-04-21 16:12:27,441	ljs-base_0g125_run_9	INFO	Train Epoch: 92 [1280/1562 (83%)]	Loss: 0.317057
2021-04-21 16:12:27,442	ljs-base_0g125_run_9	INFO	[-0.009138822555541992, 0.32619550824165344, 4408, 0.0010867511061610439]
2021-04-21 16:12:35,320	ljs-base_0g125_run_9	INFO	====> Epoch: 92
2021-04-21 16:12:53,983	ljs-base_0g125_run_9	INFO	====> Epoch: 92
2021-04-21 16:12:53,983	ljs-base_0g125_run_9	INFO	Saving model and optimizer state at iteration 92 to ./logs/ljs-base_0g125_run_9/G_92.pth
2021-04-21 16:13:15,584	ljs-base_0g125_run_9	INFO	Train Epoch: 93 [0/1562 (0%)]	Loss: 0.274149
2021-04-21 16:13:15,585	ljs-base_0g125_run_9	INFO	[-0.024867117404937744, 0.2990165650844574, 4416, 0.0010857667299570824]
2021-04-21 16:13:36,182	ljs-base_0g125_run_9	INFO	Train Epoch: 93 [640/1562 (42%)]	Loss: 0.290332
2021-04-21 16:13:36,183	ljs-base_0g125_run_9	INFO	[-0.02177119255065918, 0.31210365891456604, 4436, 0.0010833174447939914]
2021-04-21 16:13:56,818	ljs-base_0g125_run_9	INFO	Train Epoch: 93 [1280/1562 (83%)]	Loss: 0.292199
2021-04-21 16:13:56,819	ljs-base_0g125_run_9	INFO	[-0.010044693946838379, 0.3022436201572418, 4456, 0.0010808846605762888]
2021-04-21 16:14:04,570	ljs-base_0g125_run_9	INFO	====> Epoch: 93
2021-04-21 16:14:23,396	ljs-base_0g125_run_9	INFO	====> Epoch: 93
2021-04-21 16:14:23,397	ljs-base_0g125_run_9	INFO	Saving model and optimizer state at iteration 93 to ./logs/ljs-base_0g125_run_9/G_93.pth
2021-04-21 16:14:44,816	ljs-base_0g125_run_9	INFO	Train Epoch: 94 [0/1562 (0%)]	Loss: 0.266156
2021-04-21 16:14:44,817	ljs-base_0g125_run_9	INFO	[-0.033091068267822266, 0.29924702644348145, 4464, 0.0010799161257396945]
2021-04-21 16:15:05,271	ljs-base_0g125_run_9	INFO	Train Epoch: 94 [640/1562 (42%)]	Loss: 0.303756
2021-04-21 16:15:05,272	ljs-base_0g125_run_9	INFO	[-0.02030336856842041, 0.32405969500541687, 4484, 0.0010775061336133723]
2021-04-21 16:15:25,868	ljs-base_0g125_run_9	INFO	Train Epoch: 94 [1280/1562 (83%)]	Loss: 0.301883
2021-04-21 16:15:25,869	ljs-base_0g125_run_9	INFO	[-0.011763989925384521, 0.31364697217941284, 4504, 0.001075112204564808]
2021-04-21 16:15:34,018	ljs-base_0g125_run_9	INFO	====> Epoch: 94
2021-04-21 16:15:53,688	ljs-base_0g125_run_9	INFO	====> Epoch: 94
2021-04-21 16:15:53,688	ljs-base_0g125_run_9	INFO	Saving model and optimizer state at iteration 94 to ./logs/ljs-base_0g125_run_9/G_94.pth
2021-04-21 16:16:15,626	ljs-base_0g125_run_9	INFO	Train Epoch: 95 [0/1562 (0%)]	Loss: 0.286052
2021-04-21 16:16:15,627	ljs-base_0g125_run_9	INFO	[-0.02869361639022827, 0.31474581360816956, 4512, 0.0010741590907209265]
2021-04-21 16:16:36,109	ljs-base_0g125_run_9	INFO	Train Epoch: 95 [640/1562 (42%)]	Loss: 0.271019
2021-04-21 16:16:36,110	ljs-base_0g125_run_9	INFO	[-0.01737236976623535, 0.28839099407196045, 4532, 0.0010717873521442762]
2021-04-21 16:16:56,317	ljs-base_0g125_run_9	INFO	Train Epoch: 95 [1280/1562 (83%)]	Loss: 0.302994
2021-04-21 16:16:56,318	ljs-base_0g125_run_9	INFO	[-0.009219825267791748, 0.31221356987953186, 4552, 0.0010694312548736361]
2021-04-21 16:17:04,224	ljs-base_0g125_run_9	INFO	====> Epoch: 95
2021-04-21 16:17:23,272	ljs-base_0g125_run_9	INFO	====> Epoch: 95
2021-04-21 16:17:23,273	ljs-base_0g125_run_9	INFO	Saving model and optimizer state at iteration 95 to ./logs/ljs-base_0g125_run_9/G_95.pth
2021-04-21 16:17:44,692	ljs-base_0g125_run_9	INFO	Train Epoch: 96 [0/1562 (0%)]	Loss: 0.241113
2021-04-21 16:17:44,693	ljs-base_0g125_run_9	INFO	[-0.03429955244064331, 0.27541229128837585, 4560, 0.0010684931571011034]
2021-04-21 16:18:05,074	ljs-base_0g125_run_9	INFO	Train Epoch: 96 [640/1562 (42%)]	Loss: 0.249746
2021-04-21 16:18:05,075	ljs-base_0g125_run_9	INFO	[-0.028705239295959473, 0.278451532125473, 4580, 0.0010661586706828922]
2021-04-21 16:18:25,855	ljs-base_0g125_run_9	INFO	Train Epoch: 96 [1280/1562 (83%)]	Loss: 0.271663
2021-04-21 16:18:25,856	ljs-base_0g125_run_9	INFO	[-0.012070655822753906, 0.28373369574546814, 4600, 0.0010638394191420108]
2021-04-21 16:18:33,644	ljs-base_0g125_run_9	INFO	====> Epoch: 96
2021-04-21 16:18:52,161	ljs-base_0g125_run_9	INFO	====> Epoch: 96
2021-04-21 16:18:52,162	ljs-base_0g125_run_9	INFO	Saving model and optimizer state at iteration 96 to ./logs/ljs-base_0g125_run_9/G_96.pth
2021-04-21 16:19:13,747	ljs-base_0g125_run_9	INFO	Train Epoch: 97 [0/1562 (0%)]	Loss: 0.254169
2021-04-21 16:19:13,748	ljs-base_0g125_run_9	INFO	[-0.031855642795562744, 0.2860245704650879, 4608, 0.0010629159472499664]
2021-04-21 16:19:34,144	ljs-base_0g125_run_9	INFO	Train Epoch: 97 [640/1562 (42%)]	Loss: 0.266301
2021-04-21 16:19:34,145	ljs-base_0g125_run_9	INFO	[-0.0250127911567688, 0.29131418466567993, 4628, 0.0010606177479183649]
2021-04-21 16:19:54,678	ljs-base_0g125_run_9	INFO	Train Epoch: 97 [1280/1562 (83%)]	Loss: 0.294139
2021-04-21 16:19:54,679	ljs-base_0g125_run_9	INFO	[-0.018467307090759277, 0.3126067817211151, 4648, 0.001058334391668254]
2021-04-21 16:20:02,528	ljs-base_0g125_run_9	INFO	====> Epoch: 97
2021-04-21 16:20:21,492	ljs-base_0g125_run_9	INFO	====> Epoch: 97
2021-04-21 16:20:21,493	ljs-base_0g125_run_9	INFO	Saving model and optimizer state at iteration 97 to ./logs/ljs-base_0g125_run_9/G_97.pth
2021-04-21 16:20:43,153	ljs-base_0g125_run_9	INFO	Train Epoch: 98 [0/1562 (0%)]	Loss: 0.261772
2021-04-21 16:20:43,154	ljs-base_0g125_run_9	INFO	[-0.03870910406112671, 0.30048060417175293, 4656, 0.0010574251695144466]
2021-04-21 16:21:03,394	ljs-base_0g125_run_9	INFO	Train Epoch: 98 [640/1562 (42%)]	Loss: 0.264261
2021-04-21 16:21:03,396	ljs-base_0g125_run_9	INFO	[-0.01914423704147339, 0.28340473771095276, 4676, 0.001055162326840775]
2021-04-21 16:21:23,633	ljs-base_0g125_run_9	INFO	Train Epoch: 98 [1280/1562 (83%)]	Loss: 0.271813
2021-04-21 16:21:23,635	ljs-base_0g125_run_9	INFO	[-0.024474501609802246, 0.2962878346443176, 4696, 0.0010529139494151437]
2021-04-21 16:21:31,470	ljs-base_0g125_run_9	INFO	====> Epoch: 98
2021-04-21 16:21:50,385	ljs-base_0g125_run_9	INFO	====> Epoch: 98
2021-04-21 16:21:50,385	ljs-base_0g125_run_9	INFO	Saving model and optimizer state at iteration 98 to ./logs/ljs-base_0g125_run_9/G_98.pth
2021-04-21 16:22:11,645	ljs-base_0g125_run_9	INFO	Train Epoch: 99 [0/1562 (0%)]	Loss: 0.241891
2021-04-21 16:22:11,645	ljs-base_0g125_run_9	INFO	[-0.03774833679199219, 0.27963966131210327, 4704, 0.0010520186142622262]
2021-04-21 16:22:32,378	ljs-base_0g125_run_9	INFO	Train Epoch: 99 [640/1562 (42%)]	Loss: 0.245686
2021-04-21 16:22:32,379	ljs-base_0g125_run_9	INFO	[-0.03123241662979126, 0.27691885828971863, 4724, 0.001049790230878298]
2021-04-21 16:22:52,807	ljs-base_0g125_run_9	INFO	Train Epoch: 99 [1280/1562 (83%)]	Loss: 0.287691
2021-04-21 16:22:52,809	ljs-base_0g125_run_9	INFO	[-0.021587014198303223, 0.30927789211273193, 4744, 0.0010475759482380606]
2021-04-21 16:23:00,599	ljs-base_0g125_run_9	INFO	====> Epoch: 99
2021-04-21 16:23:19,504	ljs-base_0g125_run_9	INFO	====> Epoch: 99
2021-04-21 16:23:19,504	ljs-base_0g125_run_9	INFO	Saving model and optimizer state at iteration 99 to ./logs/ljs-base_0g125_run_9/G_99.pth
2021-04-21 16:23:40,777	ljs-base_0g125_run_9	INFO	Train Epoch: 100 [0/1562 (0%)]	Loss: 0.242763
2021-04-21 16:23:40,778	ljs-base_0g125_run_9	INFO	[-0.03438436985015869, 0.2771472930908203, 4752, 0.001046694150145569]
2021-04-21 16:24:01,559	ljs-base_0g125_run_9	INFO	Train Epoch: 100 [640/1562 (42%)]	Loss: 0.262431
2021-04-21 16:24:01,560	ljs-base_0g125_run_9	INFO	[-0.03148370981216431, 0.2939145267009735, 4772, 0.0010444993602485156]
2021-04-21 16:24:21,487	ljs-base_0g125_run_9	INFO	Train Epoch: 100 [1280/1562 (83%)]	Loss: 0.283271
2021-04-21 16:24:21,488	ljs-base_0g125_run_9	INFO	[-0.025273263454437256, 0.3085438013076782, 4792, 0.0010423183193213749]
2021-04-21 16:24:29,391	ljs-base_0g125_run_9	INFO	====> Epoch: 100
2021-04-21 16:24:48,336	ljs-base_0g125_run_9	INFO	====> Epoch: 100
2021-04-21 16:24:48,336	ljs-base_0g125_run_9	INFO	Saving model and optimizer state at iteration 100 to ./logs/ljs-base_0g125_run_9/G_100.pth
